{"C:\\Users\\Pierre\\Code\\dnd\\tailwind.config.js": {"path":"C:\\Users\\Pierre\\Code\\dnd\\tailwind.config.js","all":true,"statementMap":{"0":{"start":{"line":1,"column":0},"end":{"line":1,"column":43}},"1":{"start":{"line":2,"column":0},"end":{"line":2,"column":18}},"2":{"start":{"line":3,"column":0},"end":{"line":3,"column":12}},"3":{"start":{"line":4,"column":0},"end":{"line":4,"column":19}},"4":{"start":{"line":5,"column":0},"end":{"line":5,"column":37}},"5":{"start":{"line":6,"column":0},"end":{"line":6,"column":4}},"6":{"start":{"line":7,"column":0},"end":{"line":7,"column":10}},"7":{"start":{"line":8,"column":0},"end":{"line":8,"column":15}},"8":{"start":{"line":9,"column":0},"end":{"line":9,"column":4}},"9":{"start":{"line":10,"column":0},"end":{"line":10,"column":14}},"10":{"start":{"line":11,"column":0},"end":{"line":11,"column":2}}},"s":{"0":0,"1":0,"2":0,"3":0,"4":0,"5":0,"6":0,"7":0,"8":0,"9":0,"10":0},"branchMap":{"0":{"type":"branch","line":1,"loc":{"start":{"line":1,"column":198},"end":{"line":11,"column":2}},"locations":[{"start":{"line":1,"column":198},"end":{"line":11,"column":2}}]}},"b":{"0":[0]},"fnMap":{"0":{"name":"(empty-report)","decl":{"start":{"line":1,"column":198},"end":{"line":11,"column":2}},"loc":{"start":{"line":1,"column":198},"end":{"line":11,"column":2}},"line":1}},"f":{"0":0}}
,"C:\\Users\\Pierre\\Code\\dnd\\src\\App.vue": {"path":"C:\\Users\\Pierre\\Code\\dnd\\src\\App.vue","all":true,"statementMap":{"1":{"start":{"line":2,"column":0},"end":{"line":2,"column":63}},"2":{"start":{"line":3,"column":0},"end":{"line":3,"column":60}},"3":{"start":{"line":4,"column":0},"end":{"line":4,"column":73}},"7":{"start":{"line":8,"column":0},"end":{"line":8,"column":39}},"8":{"start":{"line":9,"column":0},"end":{"line":9,"column":59}},"9":{"start":{"line":10,"column":0},"end":{"line":10,"column":37}},"10":{"start":{"line":11,"column":0},"end":{"line":11,"column":62}},"11":{"start":{"line":12,"column":0},"end":{"line":12,"column":12}},"12":{"start":{"line":13,"column":0},"end":{"line":13,"column":13}},"14":{"start":{"line":15,"column":0},"end":{"line":15,"column":46}},"15":{"start":{"line":16,"column":0},"end":{"line":16,"column":78}},"17":{"start":{"line":18,"column":0},"end":{"line":18,"column":41}},"18":{"start":{"line":19,"column":0},"end":{"line":19,"column":62}},"19":{"start":{"line":20,"column":0},"end":{"line":20,"column":27}},"20":{"start":{"line":21,"column":0},"end":{"line":21,"column":16}},"22":{"start":{"line":23,"column":0},"end":{"line":23,"column":30}},"23":{"start":{"line":24,"column":0},"end":{"line":24,"column":62}},"24":{"start":{"line":25,"column":0},"end":{"line":25,"column":22}},"25":{"start":{"line":26,"column":0},"end":{"line":26,"column":16}},"27":{"start":{"line":28,"column":0},"end":{"line":28,"column":31}},"28":{"start":{"line":29,"column":0},"end":{"line":29,"column":57}},"29":{"start":{"line":30,"column":0},"end":{"line":30,"column":23}},"30":{"start":{"line":31,"column":0},"end":{"line":31,"column":16}},"31":{"start":{"line":32,"column":0},"end":{"line":32,"column":11}},"33":{"start":{"line":34,"column":0},"end":{"line":34,"column":90}},"34":{"start":{"line":35,"column":0},"end":{"line":35,"column":69}},"35":{"start":{"line":36,"column":0},"end":{"line":36,"column":13}},"36":{"start":{"line":37,"column":0},"end":{"line":37,"column":8}}},"s":{"1":0,"2":0,"3":0,"7":0,"8":0,"9":0,"10":0,"11":0,"12":0,"14":0,"15":0,"17":0,"18":0,"19":0,"20":0,"22":0,"23":0,"24":0,"25":0,"27":0,"28":0,"29":0,"30":0,"31":0,"33":0,"34":0,"35":0,"36":0},"branchMap":{"0":{"type":"branch","line":1,"loc":{"start":{"line":1,"column":1343},"end":{"line":42,"column":8}},"locations":[{"start":{"line":1,"column":1343},"end":{"line":42,"column":8}}]}},"b":{"0":[1]},"fnMap":{"0":{"name":"(empty-report)","decl":{"start":{"line":1,"column":1343},"end":{"line":42,"column":8}},"loc":{"start":{"line":1,"column":1343},"end":{"line":42,"column":8}},"line":1}},"f":{"0":1}}
,"C:\\Users\\Pierre\\Code\\dnd\\src\\main.ts": {"path":"C:\\Users\\Pierre\\Code\\dnd\\src\\main.ts","all":true,"statementMap":{"0":{"start":{"line":1,"column":0},"end":{"line":1,"column":31}},"1":{"start":{"line":2,"column":0},"end":{"line":2,"column":35}},"2":{"start":{"line":3,"column":0},"end":{"line":3,"column":24}},"3":{"start":{"line":4,"column":0},"end":{"line":4,"column":27}},"5":{"start":{"line":6,"column":0},"end":{"line":6,"column":26}},"6":{"start":{"line":7,"column":0},"end":{"line":7,"column":27}},"7":{"start":{"line":8,"column":0},"end":{"line":8,"column":14}},"8":{"start":{"line":9,"column":0},"end":{"line":9,"column":17}}},"s":{"0":0,"1":0,"2":0,"3":0,"5":0,"6":0,"7":0,"8":0},"branchMap":{"0":{"type":"branch","line":1,"loc":{"start":{"line":1,"column":0},"end":{"line":9,"column":-106}},"locations":[{"start":{"line":1,"column":0},"end":{"line":9,"column":-106}}]}},"b":{"0":[0]},"fnMap":{"0":{"name":"(empty-report)","decl":{"start":{"line":1,"column":0},"end":{"line":9,"column":-106}},"loc":{"start":{"line":1,"column":0},"end":{"line":9,"column":-106}},"line":1}},"f":{"0":0}}
,"C:\\Users\\Pierre\\Code\\dnd\\src\\components\\initiative\\InitiativeOrder.vue": {"path":"C:\\Users\\Pierre\\Code\\dnd\\src\\components\\initiative\\InitiativeOrder.vue","all":false,"statementMap":{"0":{"start":{"line":1,"column":0},"end":{"line":1,"column":24}},"1":{"start":{"line":2,"column":0},"end":{"line":2,"column":36}},"2":{"start":{"line":3,"column":0},"end":{"line":3,"column":51}},"3":{"start":{"line":4,"column":0},"end":{"line":4,"column":49}},"5":{"start":{"line":6,"column":0},"end":{"line":6,"column":39}},"6":{"start":{"line":7,"column":0},"end":{"line":7,"column":37}},"9":{"start":{"line":10,"column":0},"end":{"line":10,"column":39}},"12":{"start":{"line":13,"column":0},"end":{"line":13,"column":45}},"13":{"start":{"line":14,"column":0},"end":{"line":14,"column":73}},"14":{"start":{"line":15,"column":0},"end":{"line":15,"column":23}},"15":{"start":{"line":16,"column":0},"end":{"line":16,"column":58}},"16":{"start":{"line":17,"column":0},"end":{"line":17,"column":3}},"17":{"start":{"line":18,"column":0},"end":{"line":18,"column":1}},"20":{"start":{"line":21,"column":0},"end":{"line":21,"column":40}},"22":{"start":{"line":23,"column":0},"end":{"line":23,"column":32}},"24":{"start":{"line":25,"column":0},"end":{"line":25,"column":20}},"25":{"start":{"line":26,"column":0},"end":{"line":26,"column":46}},"26":{"start":{"line":27,"column":0},"end":{"line":27,"column":21}},"27":{"start":{"line":28,"column":0},"end":{"line":28,"column":25}},"28":{"start":{"line":29,"column":0},"end":{"line":29,"column":37}},"29":{"start":{"line":30,"column":0},"end":{"line":30,"column":35}},"30":{"start":{"line":31,"column":0},"end":{"line":31,"column":21}},"31":{"start":{"line":32,"column":0},"end":{"line":32,"column":8}},"32":{"start":{"line":33,"column":0},"end":{"line":33,"column":43}},"33":{"start":{"line":34,"column":0},"end":{"line":34,"column":20}},"34":{"start":{"line":35,"column":0},"end":{"line":35,"column":24}},"35":{"start":{"line":36,"column":0},"end":{"line":36,"column":36}},"36":{"start":{"line":37,"column":0},"end":{"line":37,"column":34}},"37":{"start":{"line":38,"column":0},"end":{"line":38,"column":20}},"38":{"start":{"line":39,"column":0},"end":{"line":39,"column":7}},"39":{"start":{"line":40,"column":0},"end":{"line":40,"column":4}},"43":{"start":{"line":44,"column":0},"end":{"line":44,"column":34}},"44":{"start":{"line":45,"column":0},"end":{"line":45,"column":40}},"45":{"start":{"line":46,"column":0},"end":{"line":46,"column":41}},"46":{"start":{"line":47,"column":0},"end":{"line":47,"column":5}},"48":{"start":{"line":49,"column":0},"end":{"line":49,"column":51}},"49":{"start":{"line":50,"column":0},"end":{"line":50,"column":5}},"50":{"start":{"line":51,"column":0},"end":{"line":51,"column":3}},"53":{"start":{"line":54,"column":0},"end":{"line":54,"column":38}},"54":{"start":{"line":55,"column":0},"end":{"line":55,"column":42}},"55":{"start":{"line":56,"column":0},"end":{"line":56,"column":3}},"59":{"start":{"line":60,"column":0},"end":{"line":60,"column":64}},"61":{"start":{"line":62,"column":0},"end":{"line":62,"column":77}},"62":{"start":{"line":63,"column":0},"end":{"line":63,"column":143}},"63":{"start":{"line":64,"column":0},"end":{"line":64,"column":8}},"65":{"start":{"line":66,"column":0},"end":{"line":66,"column":19}},"66":{"start":{"line":67,"column":0},"end":{"line":67,"column":74}},"67":{"start":{"line":68,"column":0},"end":{"line":68,"column":165}},"68":{"start":{"line":69,"column":0},"end":{"line":69,"column":10}},"70":{"start":{"line":71,"column":0},"end":{"line":71,"column":40}},"71":{"start":{"line":72,"column":0},"end":{"line":72,"column":22}},"72":{"start":{"line":73,"column":0},"end":{"line":73,"column":81}},"73":{"start":{"line":74,"column":0},"end":{"line":74,"column":81}},"75":{"start":{"line":76,"column":0},"end":{"line":76,"column":30}},"76":{"start":{"line":77,"column":0},"end":{"line":77,"column":95}},"77":{"start":{"line":78,"column":0},"end":{"line":78,"column":30}},"78":{"start":{"line":79,"column":0},"end":{"line":79,"column":47}},"79":{"start":{"line":80,"column":0},"end":{"line":80,"column":104}},"80":{"start":{"line":81,"column":0},"end":{"line":81,"column":41}},"81":{"start":{"line":82,"column":0},"end":{"line":82,"column":85}},"82":{"start":{"line":83,"column":0},"end":{"line":83,"column":17}},"83":{"start":{"line":84,"column":0},"end":{"line":84,"column":67}},"84":{"start":{"line":85,"column":0},"end":{"line":85,"column":49}},"85":{"start":{"line":86,"column":0},"end":{"line":86,"column":68}},"86":{"start":{"line":87,"column":0},"end":{"line":87,"column":73}},"87":{"start":{"line":88,"column":0},"end":{"line":88,"column":20}},"88":{"start":{"line":89,"column":0},"end":{"line":89,"column":18}},"89":{"start":{"line":90,"column":0},"end":{"line":90,"column":16}},"90":{"start":{"line":91,"column":0},"end":{"line":91,"column":14}},"91":{"start":{"line":92,"column":0},"end":{"line":92,"column":44}},"93":{"start":{"line":94,"column":0},"end":{"line":94,"column":31}},"94":{"start":{"line":95,"column":0},"end":{"line":95,"column":48}},"95":{"start":{"line":96,"column":0},"end":{"line":96,"column":55}},"96":{"start":{"line":97,"column":0},"end":{"line":97,"column":133}},"97":{"start":{"line":98,"column":0},"end":{"line":98,"column":52}},"98":{"start":{"line":99,"column":0},"end":{"line":99,"column":41}},"99":{"start":{"line":100,"column":0},"end":{"line":100,"column":85}},"100":{"start":{"line":101,"column":0},"end":{"line":101,"column":17}},"101":{"start":{"line":102,"column":0},"end":{"line":102,"column":67}},"102":{"start":{"line":103,"column":0},"end":{"line":103,"column":49}},"103":{"start":{"line":104,"column":0},"end":{"line":104,"column":68}},"104":{"start":{"line":105,"column":0},"end":{"line":105,"column":73}},"105":{"start":{"line":106,"column":0},"end":{"line":106,"column":20}},"106":{"start":{"line":107,"column":0},"end":{"line":107,"column":18}},"107":{"start":{"line":108,"column":0},"end":{"line":108,"column":16}},"108":{"start":{"line":109,"column":0},"end":{"line":109,"column":14}},"109":{"start":{"line":110,"column":0},"end":{"line":110,"column":44}},"110":{"start":{"line":111,"column":0},"end":{"line":111,"column":17}},"111":{"start":{"line":112,"column":0},"end":{"line":112,"column":10}},"112":{"start":{"line":113,"column":0},"end":{"line":113,"column":13}}},"s":{"0":38,"1":38,"2":38,"3":38,"5":38,"6":38,"9":38,"12":38,"13":38,"14":38,"15":38,"16":38,"17":38,"20":38,"22":38,"24":38,"25":38,"26":38,"27":38,"28":38,"29":38,"30":38,"31":38,"32":38,"33":38,"34":38,"35":38,"36":38,"37":38,"38":38,"39":38,"43":38,"44":38,"45":38,"46":38,"48":38,"49":38,"50":38,"53":38,"54":38,"55":38,"59":38,"61":38,"62":38,"63":38,"65":38,"66":38,"67":38,"68":38,"70":38,"71":38,"72":38,"73":38,"75":38,"76":38,"77":38,"78":38,"79":38,"80":38,"81":38,"82":38,"83":38,"84":38,"85":38,"86":38,"87":38,"88":38,"89":38,"90":38,"91":38,"93":38,"94":38,"95":38,"96":38,"97":38,"98":38,"99":38,"100":38,"101":38,"102":38,"103":38,"104":38,"105":38,"106":38,"107":38,"108":38,"109":38,"110":1,"111":1,"112":1},"branchMap":{"0":{"type":"branch","line":21,"loc":{"start":{"line":21,"column":33},"end":{"line":51,"column":1}},"locations":[{"start":{"line":21,"column":33},"end":{"line":51,"column":1}}]},"1":{"type":"branch","line":26,"loc":{"start":{"line":26,"column":33},"end":{"line":32,"column":6}},"locations":[{"start":{"line":26,"column":33},"end":{"line":32,"column":6}}]},"2":{"type":"branch","line":33,"loc":{"start":{"line":33,"column":31},"end":{"line":39,"column":6}},"locations":[{"start":{"line":33,"column":31},"end":{"line":39,"column":6}}]},"3":{"type":"branch","line":44,"loc":{"start":{"line":44,"column":23},"end":{"line":50,"column":3}},"locations":[{"start":{"line":44,"column":23},"end":{"line":50,"column":3}}]},"4":{"type":"branch","line":45,"loc":{"start":{"line":45,"column":39},"end":{"line":47,"column":5}},"locations":[{"start":{"line":45,"column":39},"end":{"line":47,"column":5}}]},"5":{"type":"branch","line":47,"loc":{"start":{"line":47,"column":4},"end":{"line":49,"column":27}},"locations":[{"start":{"line":47,"column":4},"end":{"line":49,"column":27}}]},"6":{"type":"branch","line":49,"loc":{"start":{"line":49,"column":14},"end":{"line":49,"column":33}},"locations":[{"start":{"line":49,"column":14},"end":{"line":49,"column":33}}]},"7":{"type":"branch","line":49,"loc":{"start":{"line":49,"column":35},"end":{"line":49,"column":51}},"locations":[{"start":{"line":49,"column":35},"end":{"line":49,"column":51}}]},"8":{"type":"branch","line":54,"loc":{"start":{"line":54,"column":31},"end":{"line":56,"column":1}},"locations":[{"start":{"line":54,"column":31},"end":{"line":56,"column":1}}]},"9":{"type":"branch","line":1,"loc":{"start":{"line":1,"column":0},"end":{"line":60,"column":64}},"locations":[{"start":{"line":1,"column":0},"end":{"line":60,"column":64}}]},"10":{"type":"branch","line":62,"loc":{"start":{"line":62,"column":14},"end":{"line":63,"column":143}},"locations":[{"start":{"line":62,"column":14},"end":{"line":63,"column":143}}]},"11":{"type":"branch","line":72,"loc":{"start":{"line":72,"column":6},"end":{"line":73,"column":81}},"locations":[{"start":{"line":72,"column":6},"end":{"line":73,"column":81}}]},"12":{"type":"branch","line":73,"loc":{"start":{"line":73,"column":76},"end":{"line":74,"column":81}},"locations":[{"start":{"line":73,"column":76},"end":{"line":74,"column":81}}]},"13":{"type":"branch","line":79,"loc":{"start":{"line":79,"column":33},"end":{"line":92,"column":20}},"locations":[{"start":{"line":79,"column":33},"end":{"line":92,"column":20}}]},"14":{"type":"branch","line":92,"loc":{"start":{"line":92,"column":8},"end":{"line":92,"column":44}},"locations":[{"start":{"line":92,"column":8},"end":{"line":92,"column":44}}]},"15":{"type":"branch","line":1,"loc":{"start":{"line":1,"column":0},"end":{"line":110,"column":44}},"locations":[{"start":{"line":1,"column":0},"end":{"line":110,"column":44}}]}},"b":{"0":[7],"1":[38],"2":[38],"3":[211],"4":[142],"5":[69],"6":[0],"7":[0],"8":[7],"9":[6],"10":[1],"11":[5],"12":[5],"13":[38],"14":[38],"15":[38]},"fnMap":{"0":{"name":"scrollToMonster","decl":{"start":{"line":13,"column":0},"end":{"line":18,"column":1}},"loc":{"start":{"line":13,"column":0},"end":{"line":18,"column":1}},"line":13},"1":{"name":"onClick","decl":{"start":{"line":98,"column":19},"end":{"line":98,"column":52}},"loc":{"start":{"line":98,"column":19},"end":{"line":98,"column":52}},"line":98}},"f":{"0":0,"1":0}}
,"C:\\Users\\Pierre\\Code\\dnd\\src\\components\\monsters\\MonsterCard.vue": {"path":"C:\\Users\\Pierre\\Code\\dnd\\src\\components\\monsters\\MonsterCard.vue","all":false,"statementMap":{"0":{"start":{"line":1,"column":0},"end":{"line":1,"column":24}},"1":{"start":{"line":2,"column":0},"end":{"line":2,"column":43}},"2":{"start":{"line":3,"column":0},"end":{"line":3,"column":51}},"3":{"start":{"line":4,"column":0},"end":{"line":4,"column":66}},"5":{"start":{"line":6,"column":0},"end":{"line":6,"column":27}},"9":{"start":{"line":10,"column":0},"end":{"line":10,"column":39}},"10":{"start":{"line":11,"column":0},"end":{"line":11,"column":78}},"13":{"start":{"line":14,"column":0},"end":{"line":14,"column":76}},"14":{"start":{"line":15,"column":0},"end":{"line":15,"column":84}},"15":{"start":{"line":16,"column":0},"end":{"line":16,"column":77}},"18":{"start":{"line":19,"column":0},"end":{"line":19,"column":27}},"19":{"start":{"line":20,"column":0},"end":{"line":20,"column":11}},"20":{"start":{"line":21,"column":0},"end":{"line":21,"column":16}},"21":{"start":{"line":22,"column":0},"end":{"line":22,"column":8}},"22":{"start":{"line":23,"column":0},"end":{"line":23,"column":11}},"23":{"start":{"line":24,"column":0},"end":{"line":24,"column":8}},"24":{"start":{"line":25,"column":0},"end":{"line":25,"column":12}},"25":{"start":{"line":26,"column":0},"end":{"line":26,"column":15}},"26":{"start":{"line":27,"column":0},"end":{"line":27,"column":16}},"27":{"start":{"line":28,"column":0},"end":{"line":28,"column":19}},"28":{"start":{"line":29,"column":0},"end":{"line":29,"column":19}},"29":{"start":{"line":30,"column":0},"end":{"line":30,"column":13}},"30":{"start":{"line":31,"column":0},"end":{"line":31,"column":14}},"31":{"start":{"line":32,"column":0},"end":{"line":32,"column":3}},"34":{"start":{"line":35,"column":0},"end":{"line":35,"column":44}},"35":{"start":{"line":36,"column":0},"end":{"line":36,"column":39}},"36":{"start":{"line":37,"column":0},"end":{"line":37,"column":27}},"37":{"start":{"line":38,"column":0},"end":{"line":38,"column":28}},"38":{"start":{"line":39,"column":0},"end":{"line":39,"column":40}},"39":{"start":{"line":40,"column":0},"end":{"line":40,"column":24}},"40":{"start":{"line":41,"column":0},"end":{"line":41,"column":30}},"41":{"start":{"line":42,"column":0},"end":{"line":42,"column":24}},"42":{"start":{"line":43,"column":0},"end":{"line":43,"column":36}},"43":{"start":{"line":44,"column":0},"end":{"line":44,"column":42}},"44":{"start":{"line":45,"column":0},"end":{"line":45,"column":44}},"45":{"start":{"line":46,"column":0},"end":{"line":46,"column":50}},"46":{"start":{"line":47,"column":0},"end":{"line":47,"column":50}},"47":{"start":{"line":48,"column":0},"end":{"line":48,"column":38}},"48":{"start":{"line":49,"column":0},"end":{"line":49,"column":41}},"49":{"start":{"line":50,"column":0},"end":{"line":50,"column":6}},"50":{"start":{"line":51,"column":0},"end":{"line":51,"column":3}},"51":{"start":{"line":52,"column":0},"end":{"line":52,"column":36}},"54":{"start":{"line":55,"column":0},"end":{"line":55,"column":31}},"55":{"start":{"line":56,"column":0},"end":{"line":56,"column":33}},"56":{"start":{"line":57,"column":0},"end":{"line":57,"column":27}},"57":{"start":{"line":58,"column":0},"end":{"line":58,"column":31}},"58":{"start":{"line":59,"column":0},"end":{"line":59,"column":43}},"59":{"start":{"line":60,"column":0},"end":{"line":60,"column":27}},"60":{"start":{"line":61,"column":0},"end":{"line":61,"column":33}},"61":{"start":{"line":62,"column":0},"end":{"line":62,"column":27}},"62":{"start":{"line":63,"column":0},"end":{"line":63,"column":39}},"63":{"start":{"line":64,"column":0},"end":{"line":64,"column":45}},"64":{"start":{"line":65,"column":0},"end":{"line":65,"column":47}},"65":{"start":{"line":66,"column":0},"end":{"line":66,"column":53}},"66":{"start":{"line":67,"column":0},"end":{"line":67,"column":53}},"67":{"start":{"line":68,"column":0},"end":{"line":68,"column":41}},"68":{"start":{"line":69,"column":0},"end":{"line":69,"column":44}},"69":{"start":{"line":70,"column":0},"end":{"line":70,"column":6}},"70":{"start":{"line":71,"column":0},"end":{"line":71,"column":3}},"71":{"start":{"line":72,"column":0},"end":{"line":72,"column":3}},"73":{"start":{"line":74,"column":0},"end":{"line":74,"column":37}},"74":{"start":{"line":75,"column":0},"end":{"line":75,"column":31}},"75":{"start":{"line":76,"column":0},"end":{"line":76,"column":68}},"76":{"start":{"line":77,"column":0},"end":{"line":77,"column":48}},"77":{"start":{"line":78,"column":0},"end":{"line":78,"column":3}},"79":{"start":{"line":80,"column":0},"end":{"line":80,"column":32}},"80":{"start":{"line":81,"column":0},"end":{"line":81,"column":53}},"81":{"start":{"line":82,"column":0},"end":{"line":82,"column":54}},"82":{"start":{"line":83,"column":0},"end":{"line":83,"column":22}},"83":{"start":{"line":84,"column":0},"end":{"line":84,"column":3}},"85":{"start":{"line":86,"column":0},"end":{"line":86,"column":59}},"88":{"start":{"line":89,"column":0},"end":{"line":89,"column":24}},"89":{"start":{"line":90,"column":0},"end":{"line":90,"column":24}},"90":{"start":{"line":91,"column":0},"end":{"line":91,"column":69}},"91":{"start":{"line":92,"column":0},"end":{"line":92,"column":40}},"92":{"start":{"line":93,"column":0},"end":{"line":93,"column":3}},"93":{"start":{"line":94,"column":0},"end":{"line":94,"column":1}},"95":{"start":{"line":96,"column":0},"end":{"line":96,"column":26}},"96":{"start":{"line":97,"column":0},"end":{"line":97,"column":38}},"97":{"start":{"line":98,"column":0},"end":{"line":98,"column":1}},"101":{"start":{"line":102,"column":0},"end":{"line":102,"column":7}},"102":{"start":{"line":103,"column":0},"end":{"line":103,"column":75}},"103":{"start":{"line":104,"column":0},"end":{"line":104,"column":91}},"104":{"start":{"line":105,"column":0},"end":{"line":105,"column":32}},"106":{"start":{"line":107,"column":0},"end":{"line":107,"column":44}},"107":{"start":{"line":108,"column":0},"end":{"line":108,"column":55}},"108":{"start":{"line":109,"column":0},"end":{"line":109,"column":37}},"109":{"start":{"line":110,"column":0},"end":{"line":110,"column":54}},"110":{"start":{"line":111,"column":0},"end":{"line":111,"column":134}},"111":{"start":{"line":112,"column":0},"end":{"line":112,"column":112}},"112":{"start":{"line":113,"column":0},"end":{"line":113,"column":16}},"113":{"start":{"line":114,"column":0},"end":{"line":114,"column":14}},"114":{"start":{"line":115,"column":0},"end":{"line":115,"column":13}},"115":{"start":{"line":116,"column":0},"end":{"line":116,"column":64}},"116":{"start":{"line":117,"column":0},"end":{"line":117,"column":45}},"117":{"start":{"line":118,"column":0},"end":{"line":118,"column":73}},"118":{"start":{"line":119,"column":0},"end":{"line":119,"column":16}},"119":{"start":{"line":120,"column":0},"end":{"line":120,"column":14}},"120":{"start":{"line":121,"column":0},"end":{"line":121,"column":12}},"122":{"start":{"line":123,"column":0},"end":{"line":123,"column":47}},"123":{"start":{"line":124,"column":0},"end":{"line":124,"column":16}},"124":{"start":{"line":125,"column":0},"end":{"line":125,"column":56}},"125":{"start":{"line":126,"column":0},"end":{"line":126,"column":76}},"127":{"start":{"line":128,"column":0},"end":{"line":128,"column":138}},"128":{"start":{"line":129,"column":0},"end":{"line":129,"column":102}},"129":{"start":{"line":130,"column":0},"end":{"line":130,"column":16}},"130":{"start":{"line":131,"column":0},"end":{"line":131,"column":127}},"131":{"start":{"line":132,"column":0},"end":{"line":132,"column":103}},"132":{"start":{"line":133,"column":0},"end":{"line":133,"column":16}},"133":{"start":{"line":134,"column":0},"end":{"line":134,"column":17}},"134":{"start":{"line":135,"column":0},"end":{"line":135,"column":12}},"135":{"start":{"line":136,"column":0},"end":{"line":136,"column":10}},"137":{"start":{"line":138,"column":0},"end":{"line":138,"column":19}},"138":{"start":{"line":139,"column":0},"end":{"line":139,"column":27}},"139":{"start":{"line":140,"column":0},"end":{"line":140,"column":53}},"140":{"start":{"line":141,"column":0},"end":{"line":141,"column":83}},"141":{"start":{"line":142,"column":0},"end":{"line":142,"column":56}},"142":{"start":{"line":143,"column":0},"end":{"line":143,"column":56}},"143":{"start":{"line":144,"column":0},"end":{"line":144,"column":17}},"144":{"start":{"line":145,"column":0},"end":{"line":145,"column":46}},"145":{"start":{"line":146,"column":0},"end":{"line":146,"column":26}},"146":{"start":{"line":147,"column":0},"end":{"line":147,"column":70}},"147":{"start":{"line":148,"column":0},"end":{"line":148,"column":11}},"148":{"start":{"line":149,"column":0},"end":{"line":149,"column":24}},"149":{"start":{"line":150,"column":0},"end":{"line":150,"column":17}},"150":{"start":{"line":151,"column":0},"end":{"line":151,"column":49}},"151":{"start":{"line":152,"column":0},"end":{"line":152,"column":26}},"152":{"start":{"line":153,"column":0},"end":{"line":153,"column":70}},"153":{"start":{"line":154,"column":0},"end":{"line":154,"column":11}},"154":{"start":{"line":155,"column":0},"end":{"line":155,"column":14}},"156":{"start":{"line":157,"column":0},"end":{"line":157,"column":54}},"157":{"start":{"line":158,"column":0},"end":{"line":158,"column":18}},"158":{"start":{"line":159,"column":0},"end":{"line":159,"column":65}},"159":{"start":{"line":160,"column":0},"end":{"line":160,"column":73}},"160":{"start":{"line":161,"column":0},"end":{"line":161,"column":11}},"162":{"start":{"line":163,"column":0},"end":{"line":163,"column":19}},"163":{"start":{"line":164,"column":0},"end":{"line":164,"column":18}},"164":{"start":{"line":165,"column":0},"end":{"line":165,"column":65}},"165":{"start":{"line":166,"column":0},"end":{"line":166,"column":73}},"166":{"start":{"line":167,"column":0},"end":{"line":167,"column":11}},"168":{"start":{"line":169,"column":0},"end":{"line":169,"column":19}},"169":{"start":{"line":170,"column":0},"end":{"line":170,"column":18}},"170":{"start":{"line":171,"column":0},"end":{"line":171,"column":64}},"171":{"start":{"line":172,"column":0},"end":{"line":172,"column":79}},"172":{"start":{"line":173,"column":0},"end":{"line":173,"column":11}},"174":{"start":{"line":175,"column":0},"end":{"line":175,"column":19}},"175":{"start":{"line":176,"column":0},"end":{"line":176,"column":18}},"176":{"start":{"line":177,"column":0},"end":{"line":177,"column":64}},"177":{"start":{"line":178,"column":0},"end":{"line":178,"column":79}},"178":{"start":{"line":179,"column":0},"end":{"line":179,"column":11}},"180":{"start":{"line":181,"column":0},"end":{"line":181,"column":19}},"181":{"start":{"line":182,"column":0},"end":{"line":182,"column":14}},"182":{"start":{"line":183,"column":0},"end":{"line":183,"column":12}},"183":{"start":{"line":184,"column":0},"end":{"line":184,"column":55}},"184":{"start":{"line":185,"column":0},"end":{"line":185,"column":13}},"185":{"start":{"line":186,"column":0},"end":{"line":186,"column":77}},"186":{"start":{"line":187,"column":0},"end":{"line":187,"column":48}},"187":{"start":{"line":188,"column":0},"end":{"line":188,"column":15}},"188":{"start":{"line":189,"column":0},"end":{"line":189,"column":12}},"189":{"start":{"line":190,"column":0},"end":{"line":190,"column":10}},"191":{"start":{"line":192,"column":0},"end":{"line":192,"column":29}},"192":{"start":{"line":193,"column":0},"end":{"line":193,"column":45}},"193":{"start":{"line":194,"column":0},"end":{"line":194,"column":36}},"194":{"start":{"line":195,"column":0},"end":{"line":195,"column":11}},"195":{"start":{"line":196,"column":0},"end":{"line":196,"column":64}},"196":{"start":{"line":197,"column":0},"end":{"line":197,"column":71}},"197":{"start":{"line":198,"column":0},"end":{"line":198,"column":7}},"198":{"start":{"line":199,"column":0},"end":{"line":199,"column":94}},"199":{"start":{"line":200,"column":0},"end":{"line":200,"column":12}},"201":{"start":{"line":202,"column":0},"end":{"line":202,"column":30}},"202":{"start":{"line":203,"column":0},"end":{"line":203,"column":51}},"203":{"start":{"line":204,"column":0},"end":{"line":204,"column":60}},"204":{"start":{"line":205,"column":0},"end":{"line":205,"column":18}},"205":{"start":{"line":206,"column":0},"end":{"line":206,"column":57}},"206":{"start":{"line":207,"column":0},"end":{"line":207,"column":111}},"208":{"start":{"line":209,"column":0},"end":{"line":209,"column":77}},"209":{"start":{"line":210,"column":0},"end":{"line":210,"column":17}},"210":{"start":{"line":211,"column":0},"end":{"line":211,"column":49}},"211":{"start":{"line":212,"column":0},"end":{"line":212,"column":35}},"212":{"start":{"line":213,"column":0},"end":{"line":213,"column":26}},"213":{"start":{"line":214,"column":0},"end":{"line":214,"column":34}},"214":{"start":{"line":215,"column":0},"end":{"line":215,"column":35}},"216":{"start":{"line":217,"column":0},"end":{"line":217,"column":20}},"217":{"start":{"line":218,"column":0},"end":{"line":218,"column":39}},"218":{"start":{"line":219,"column":0},"end":{"line":219,"column":40}},"219":{"start":{"line":220,"column":0},"end":{"line":220,"column":33}},"220":{"start":{"line":221,"column":0},"end":{"line":221,"column":68}},"221":{"start":{"line":222,"column":0},"end":{"line":222,"column":16}},"222":{"start":{"line":223,"column":0},"end":{"line":223,"column":18}},"223":{"start":{"line":224,"column":0},"end":{"line":224,"column":19}},"225":{"start":{"line":226,"column":0},"end":{"line":226,"column":38}},"226":{"start":{"line":227,"column":0},"end":{"line":227,"column":20}},"227":{"start":{"line":228,"column":0},"end":{"line":228,"column":62}},"228":{"start":{"line":229,"column":0},"end":{"line":229,"column":95}},"229":{"start":{"line":230,"column":0},"end":{"line":230,"column":13}},"231":{"start":{"line":232,"column":0},"end":{"line":232,"column":21}},"232":{"start":{"line":233,"column":0},"end":{"line":233,"column":20}},"233":{"start":{"line":234,"column":0},"end":{"line":234,"column":67}},"234":{"start":{"line":235,"column":0},"end":{"line":235,"column":91}},"235":{"start":{"line":236,"column":0},"end":{"line":236,"column":13}},"237":{"start":{"line":238,"column":0},"end":{"line":238,"column":21}},"238":{"start":{"line":239,"column":0},"end":{"line":239,"column":16}},"239":{"start":{"line":240,"column":0},"end":{"line":240,"column":14}},"241":{"start":{"line":242,"column":0},"end":{"line":242,"column":28}},"242":{"start":{"line":243,"column":0},"end":{"line":243,"column":13}},"243":{"start":{"line":244,"column":0},"end":{"line":244,"column":27}},"244":{"start":{"line":245,"column":0},"end":{"line":245,"column":99}},"246":{"start":{"line":247,"column":0},"end":{"line":247,"column":24}},"247":{"start":{"line":248,"column":0},"end":{"line":248,"column":35}},"248":{"start":{"line":249,"column":0},"end":{"line":249,"column":12}},"249":{"start":{"line":250,"column":0},"end":{"line":250,"column":14}},"251":{"start":{"line":252,"column":0},"end":{"line":252,"column":48}},"252":{"start":{"line":253,"column":0},"end":{"line":253,"column":60}},"253":{"start":{"line":254,"column":0},"end":{"line":254,"column":102}},"254":{"start":{"line":255,"column":0},"end":{"line":255,"column":14}},"255":{"start":{"line":256,"column":0},"end":{"line":256,"column":12}},"257":{"start":{"line":258,"column":0},"end":{"line":258,"column":24}},"258":{"start":{"line":259,"column":0},"end":{"line":259,"column":40}},"259":{"start":{"line":260,"column":0},"end":{"line":260,"column":49}},"260":{"start":{"line":261,"column":0},"end":{"line":261,"column":15}},"261":{"start":{"line":262,"column":0},"end":{"line":262,"column":69}},"262":{"start":{"line":263,"column":0},"end":{"line":263,"column":19}},"263":{"start":{"line":264,"column":0},"end":{"line":264,"column":43}},"264":{"start":{"line":265,"column":0},"end":{"line":265,"column":26}},"265":{"start":{"line":266,"column":0},"end":{"line":266,"column":66}},"266":{"start":{"line":267,"column":0},"end":{"line":267,"column":13}},"267":{"start":{"line":268,"column":0},"end":{"line":268,"column":16}},"268":{"start":{"line":269,"column":0},"end":{"line":269,"column":15}},"269":{"start":{"line":270,"column":0},"end":{"line":270,"column":76}},"270":{"start":{"line":271,"column":0},"end":{"line":271,"column":19}},"271":{"start":{"line":272,"column":0},"end":{"line":272,"column":56}},"272":{"start":{"line":273,"column":0},"end":{"line":273,"column":28}},"273":{"start":{"line":274,"column":0},"end":{"line":274,"column":66}},"274":{"start":{"line":275,"column":0},"end":{"line":275,"column":13}},"275":{"start":{"line":276,"column":0},"end":{"line":276,"column":16}},"276":{"start":{"line":277,"column":0},"end":{"line":277,"column":15}},"277":{"start":{"line":278,"column":0},"end":{"line":278,"column":68}},"278":{"start":{"line":279,"column":0},"end":{"line":279,"column":19}},"279":{"start":{"line":280,"column":0},"end":{"line":280,"column":48}},"280":{"start":{"line":281,"column":0},"end":{"line":281,"column":28}},"281":{"start":{"line":282,"column":0},"end":{"line":282,"column":66}},"282":{"start":{"line":283,"column":0},"end":{"line":283,"column":13}},"283":{"start":{"line":284,"column":0},"end":{"line":284,"column":16}},"284":{"start":{"line":285,"column":0},"end":{"line":285,"column":14}},"286":{"start":{"line":287,"column":0},"end":{"line":287,"column":49}},"287":{"start":{"line":288,"column":0},"end":{"line":288,"column":15}},"288":{"start":{"line":289,"column":0},"end":{"line":289,"column":57}},"289":{"start":{"line":290,"column":0},"end":{"line":290,"column":19}},"290":{"start":{"line":291,"column":0},"end":{"line":291,"column":54}},"291":{"start":{"line":292,"column":0},"end":{"line":292,"column":28}},"292":{"start":{"line":293,"column":0},"end":{"line":293,"column":74}},"293":{"start":{"line":294,"column":0},"end":{"line":294,"column":13}},"294":{"start":{"line":295,"column":0},"end":{"line":295,"column":16}},"295":{"start":{"line":296,"column":0},"end":{"line":296,"column":15}},"296":{"start":{"line":297,"column":0},"end":{"line":297,"column":57}},"297":{"start":{"line":298,"column":0},"end":{"line":298,"column":19}},"298":{"start":{"line":299,"column":0},"end":{"line":299,"column":55}},"299":{"start":{"line":300,"column":0},"end":{"line":300,"column":28}},"300":{"start":{"line":301,"column":0},"end":{"line":301,"column":74}},"301":{"start":{"line":302,"column":0},"end":{"line":302,"column":13}},"302":{"start":{"line":303,"column":0},"end":{"line":303,"column":16}},"303":{"start":{"line":304,"column":0},"end":{"line":304,"column":15}},"304":{"start":{"line":305,"column":0},"end":{"line":305,"column":57}},"305":{"start":{"line":306,"column":0},"end":{"line":306,"column":19}},"306":{"start":{"line":307,"column":0},"end":{"line":307,"column":58}},"307":{"start":{"line":308,"column":0},"end":{"line":308,"column":28}},"308":{"start":{"line":309,"column":0},"end":{"line":309,"column":74}},"309":{"start":{"line":310,"column":0},"end":{"line":310,"column":13}},"310":{"start":{"line":311,"column":0},"end":{"line":311,"column":16}},"311":{"start":{"line":312,"column":0},"end":{"line":312,"column":15}},"312":{"start":{"line":313,"column":0},"end":{"line":313,"column":57}},"313":{"start":{"line":314,"column":0},"end":{"line":314,"column":19}},"314":{"start":{"line":315,"column":0},"end":{"line":315,"column":58}},"315":{"start":{"line":316,"column":0},"end":{"line":316,"column":28}},"316":{"start":{"line":317,"column":0},"end":{"line":317,"column":74}},"317":{"start":{"line":318,"column":0},"end":{"line":318,"column":13}},"318":{"start":{"line":319,"column":0},"end":{"line":319,"column":16}},"319":{"start":{"line":320,"column":0},"end":{"line":320,"column":15}},"320":{"start":{"line":321,"column":0},"end":{"line":321,"column":57}},"321":{"start":{"line":322,"column":0},"end":{"line":322,"column":19}},"322":{"start":{"line":323,"column":0},"end":{"line":323,"column":52}},"323":{"start":{"line":324,"column":0},"end":{"line":324,"column":28}},"324":{"start":{"line":325,"column":0},"end":{"line":325,"column":74}},"325":{"start":{"line":326,"column":0},"end":{"line":326,"column":13}},"326":{"start":{"line":327,"column":0},"end":{"line":327,"column":16}},"327":{"start":{"line":328,"column":0},"end":{"line":328,"column":15}},"328":{"start":{"line":329,"column":0},"end":{"line":329,"column":57}},"329":{"start":{"line":330,"column":0},"end":{"line":330,"column":19}},"330":{"start":{"line":331,"column":0},"end":{"line":331,"column":54}},"331":{"start":{"line":332,"column":0},"end":{"line":332,"column":28}},"332":{"start":{"line":333,"column":0},"end":{"line":333,"column":74}},"333":{"start":{"line":334,"column":0},"end":{"line":334,"column":13}},"334":{"start":{"line":335,"column":0},"end":{"line":335,"column":16}},"335":{"start":{"line":336,"column":0},"end":{"line":336,"column":14}},"337":{"start":{"line":338,"column":0},"end":{"line":338,"column":13}},"338":{"start":{"line":339,"column":0},"end":{"line":339,"column":69}},"339":{"start":{"line":340,"column":0},"end":{"line":340,"column":20}},"340":{"start":{"line":341,"column":0},"end":{"line":341,"column":42}},"341":{"start":{"line":342,"column":0},"end":{"line":342,"column":77}},"342":{"start":{"line":343,"column":0},"end":{"line":343,"column":22}},"343":{"start":{"line":344,"column":0},"end":{"line":344,"column":14}},"345":{"start":{"line":346,"column":0},"end":{"line":346,"column":53}},"346":{"start":{"line":347,"column":0},"end":{"line":347,"column":18}},"347":{"start":{"line":348,"column":0},"end":{"line":348,"column":35}},"348":{"start":{"line":349,"column":0},"end":{"line":349,"column":92}},"349":{"start":{"line":350,"column":0},"end":{"line":350,"column":11}},"351":{"start":{"line":352,"column":0},"end":{"line":352,"column":19}},"352":{"start":{"line":353,"column":0},"end":{"line":353,"column":18}},"353":{"start":{"line":354,"column":0},"end":{"line":354,"column":33}},"354":{"start":{"line":355,"column":0},"end":{"line":355,"column":91}},"355":{"start":{"line":356,"column":0},"end":{"line":356,"column":11}},"357":{"start":{"line":358,"column":0},"end":{"line":358,"column":19}},"358":{"start":{"line":359,"column":0},"end":{"line":359,"column":14}},"359":{"start":{"line":360,"column":0},"end":{"line":360,"column":12}},"361":{"start":{"line":362,"column":0},"end":{"line":362,"column":69}},"362":{"start":{"line":363,"column":0},"end":{"line":363,"column":16}},"363":{"start":{"line":364,"column":0},"end":{"line":364,"column":57}},"364":{"start":{"line":365,"column":0},"end":{"line":365,"column":85}},"365":{"start":{"line":366,"column":0},"end":{"line":366,"column":9}},"367":{"start":{"line":368,"column":0},"end":{"line":368,"column":17}},"368":{"start":{"line":369,"column":0},"end":{"line":369,"column":12}},"369":{"start":{"line":370,"column":0},"end":{"line":370,"column":10}},"370":{"start":{"line":371,"column":0},"end":{"line":371,"column":8}}},"s":{"0":7,"1":1,"2":1,"3":1,"5":1,"9":1,"10":1,"13":1,"14":1,"15":1,"18":1,"19":1,"20":1,"21":1,"22":1,"23":1,"24":1,"25":1,"26":1,"27":1,"28":1,"29":1,"30":1,"31":1,"34":1,"35":13,"36":8,"37":8,"38":8,"39":8,"40":8,"41":8,"42":8,"43":8,"44":8,"45":8,"46":8,"47":8,"48":8,"49":8,"50":8,"51":1,"54":1,"55":4,"56":2,"57":2,"58":2,"59":2,"60":2,"61":2,"62":2,"63":2,"64":2,"65":2,"66":2,"67":2,"68":2,"69":2,"70":2,"71":1,"73":1,"74":13,"75":12,"76":12,"77":1,"79":1,"80":13,"81":13,"82":3,"83":1,"85":1,"88":1,"89":1,"90":1,"91":1,"92":1,"93":1,"95":1,"96":1,"97":1,"101":1,"102":1,"103":1,"104":1,"106":1,"107":1,"108":1,"109":1,"110":1,"111":1,"112":1,"113":1,"114":1,"115":1,"116":1,"117":1,"118":1,"119":1,"120":1,"122":1,"123":1,"124":1,"125":1,"127":1,"128":10,"129":10,"130":1,"131":1,"132":1,"133":1,"134":1,"135":1,"137":1,"138":1,"139":1,"140":1,"141":1,"142":1,"143":1,"144":1,"145":1,"146":1,"147":1,"148":1,"149":1,"150":1,"151":1,"152":1,"153":1,"154":1,"156":1,"157":11,"158":11,"159":11,"160":11,"162":11,"163":11,"164":11,"165":11,"166":11,"168":11,"169":11,"170":11,"171":11,"172":11,"174":11,"175":11,"176":11,"177":11,"178":11,"180":11,"181":1,"182":1,"183":1,"184":1,"185":1,"186":1,"187":1,"188":1,"189":1,"191":1,"192":1,"193":1,"194":1,"195":1,"196":0,"197":0,"198":0,"199":1,"201":1,"202":1,"203":1,"204":1,"205":1,"206":1,"208":1,"209":1,"210":1,"211":1,"212":1,"213":1,"214":1,"216":1,"217":1,"218":1,"219":1,"220":1,"221":1,"222":1,"223":1,"225":1,"226":1,"227":1,"228":1,"229":1,"231":1,"232":1,"233":1,"234":1,"235":1,"237":1,"238":1,"239":1,"241":1,"242":1,"243":1,"244":1,"246":1,"247":1,"248":1,"249":1,"251":1,"252":5,"253":5,"254":1,"255":1,"257":1,"258":1,"259":1,"260":1,"261":1,"262":1,"263":1,"264":1,"265":1,"266":1,"267":1,"268":1,"269":1,"270":1,"271":1,"272":1,"273":1,"274":1,"275":1,"276":1,"277":1,"278":1,"279":1,"280":1,"281":1,"282":1,"283":1,"284":1,"286":1,"287":1,"288":1,"289":1,"290":1,"291":1,"292":1,"293":1,"294":1,"295":1,"296":1,"297":1,"298":1,"299":1,"300":1,"301":1,"302":1,"303":1,"304":1,"305":1,"306":1,"307":1,"308":1,"309":1,"310":1,"311":1,"312":1,"313":1,"314":1,"315":1,"316":1,"317":1,"318":1,"319":1,"320":1,"321":1,"322":1,"323":1,"324":1,"325":1,"326":1,"327":1,"328":1,"329":1,"330":1,"331":1,"332":1,"333":1,"334":1,"335":1,"337":1,"338":1,"339":1,"340":1,"341":1,"342":1,"343":1,"345":1,"346":1,"347":1,"348":1,"349":1,"351":1,"352":1,"353":1,"354":1,"355":1,"357":1,"358":1,"359":1,"361":1,"362":7,"363":7,"364":7,"365":7,"367":7,"368":1,"369":1,"370":1},"branchMap":{"0":{"type":"branch","line":11,"loc":{"start":{"line":11,"column":25},"end":{"line":11,"column":76}},"locations":[{"start":{"line":11,"column":25},"end":{"line":11,"column":76}}]},"1":{"type":"branch","line":14,"loc":{"start":{"line":14,"column":28},"end":{"line":14,"column":74}},"locations":[{"start":{"line":14,"column":28},"end":{"line":14,"column":74}}]},"2":{"type":"branch","line":15,"loc":{"start":{"line":15,"column":27},"end":{"line":15,"column":82}},"locations":[{"start":{"line":15,"column":27},"end":{"line":15,"column":82}}]},"3":{"type":"branch","line":16,"loc":{"start":{"line":16,"column":27},"end":{"line":16,"column":75}},"locations":[{"start":{"line":16,"column":27},"end":{"line":16,"column":75}}]},"4":{"type":"branch","line":35,"loc":{"start":{"line":35,"column":6},"end":{"line":35,"column":27}},"locations":[{"start":{"line":35,"column":6},"end":{"line":35,"column":27}}]},"5":{"type":"branch","line":35,"loc":{"start":{"line":35,"column":27},"end":{"line":52,"column":3}},"locations":[{"start":{"line":35,"column":27},"end":{"line":52,"column":3}}]},"6":{"type":"branch","line":36,"loc":{"start":{"line":36,"column":6},"end":{"line":36,"column":38}},"locations":[{"start":{"line":36,"column":6},"end":{"line":36,"column":38}}]},"7":{"type":"branch","line":36,"loc":{"start":{"line":36,"column":38},"end":{"line":51,"column":3}},"locations":[{"start":{"line":36,"column":38},"end":{"line":51,"column":3}}]},"8":{"type":"branch","line":43,"loc":{"start":{"line":43,"column":24},"end":{"line":43,"column":36}},"locations":[{"start":{"line":43,"column":24},"end":{"line":43,"column":36}}]},"9":{"type":"branch","line":44,"loc":{"start":{"line":44,"column":27},"end":{"line":44,"column":42}},"locations":[{"start":{"line":44,"column":27},"end":{"line":44,"column":42}}]},"10":{"type":"branch","line":45,"loc":{"start":{"line":45,"column":28},"end":{"line":45,"column":44}},"locations":[{"start":{"line":45,"column":28},"end":{"line":45,"column":44}}]},"11":{"type":"branch","line":46,"loc":{"start":{"line":46,"column":31},"end":{"line":46,"column":50}},"locations":[{"start":{"line":46,"column":31},"end":{"line":46,"column":50}}]},"12":{"type":"branch","line":47,"loc":{"start":{"line":47,"column":31},"end":{"line":47,"column":50}},"locations":[{"start":{"line":47,"column":31},"end":{"line":47,"column":50}}]},"13":{"type":"branch","line":48,"loc":{"start":{"line":48,"column":25},"end":{"line":48,"column":38}},"locations":[{"start":{"line":48,"column":25},"end":{"line":48,"column":38}}]},"14":{"type":"branch","line":49,"loc":{"start":{"line":49,"column":27},"end":{"line":49,"column":41}},"locations":[{"start":{"line":49,"column":27},"end":{"line":49,"column":41}}]},"15":{"type":"branch","line":55,"loc":{"start":{"line":55,"column":17},"end":{"line":72,"column":1}},"locations":[{"start":{"line":55,"column":17},"end":{"line":72,"column":1}}]},"16":{"type":"branch","line":56,"loc":{"start":{"line":56,"column":6},"end":{"line":56,"column":32}},"locations":[{"start":{"line":56,"column":6},"end":{"line":56,"column":32}}]},"17":{"type":"branch","line":56,"loc":{"start":{"line":56,"column":32},"end":{"line":71,"column":3}},"locations":[{"start":{"line":56,"column":32},"end":{"line":71,"column":3}}]},"18":{"type":"branch","line":63,"loc":{"start":{"line":63,"column":27},"end":{"line":63,"column":39}},"locations":[{"start":{"line":63,"column":27},"end":{"line":63,"column":39}}]},"19":{"type":"branch","line":64,"loc":{"start":{"line":64,"column":30},"end":{"line":64,"column":45}},"locations":[{"start":{"line":64,"column":30},"end":{"line":64,"column":45}}]},"20":{"type":"branch","line":65,"loc":{"start":{"line":65,"column":31},"end":{"line":65,"column":47}},"locations":[{"start":{"line":65,"column":31},"end":{"line":65,"column":47}}]},"21":{"type":"branch","line":66,"loc":{"start":{"line":66,"column":34},"end":{"line":66,"column":53}},"locations":[{"start":{"line":66,"column":34},"end":{"line":66,"column":53}}]},"22":{"type":"branch","line":67,"loc":{"start":{"line":67,"column":34},"end":{"line":67,"column":53}},"locations":[{"start":{"line":67,"column":34},"end":{"line":67,"column":53}}]},"23":{"type":"branch","line":68,"loc":{"start":{"line":68,"column":28},"end":{"line":68,"column":41}},"locations":[{"start":{"line":68,"column":28},"end":{"line":68,"column":41}}]},"24":{"type":"branch","line":69,"loc":{"start":{"line":69,"column":30},"end":{"line":69,"column":44}},"locations":[{"start":{"line":69,"column":30},"end":{"line":69,"column":44}}]},"25":{"type":"branch","line":74,"loc":{"start":{"line":74,"column":30},"end":{"line":78,"column":1}},"locations":[{"start":{"line":74,"column":30},"end":{"line":78,"column":1}}]},"26":{"type":"branch","line":75,"loc":{"start":{"line":75,"column":22},"end":{"line":75,"column":31}},"locations":[{"start":{"line":75,"column":22},"end":{"line":75,"column":31}}]},"27":{"type":"branch","line":75,"loc":{"start":{"line":75,"column":29},"end":{"line":77,"column":48}},"locations":[{"start":{"line":75,"column":29},"end":{"line":77,"column":48}}]},"28":{"type":"branch","line":80,"loc":{"start":{"line":80,"column":25},"end":{"line":84,"column":1}},"locations":[{"start":{"line":80,"column":25},"end":{"line":84,"column":1}}]},"29":{"type":"branch","line":81,"loc":{"start":{"line":81,"column":31},"end":{"line":81,"column":53}},"locations":[{"start":{"line":81,"column":31},"end":{"line":81,"column":53}}]},"30":{"type":"branch","line":81,"loc":{"start":{"line":81,"column":38},"end":{"line":82,"column":38}},"locations":[{"start":{"line":81,"column":38},"end":{"line":82,"column":38}}]},"31":{"type":"branch","line":82,"loc":{"start":{"line":82,"column":31},"end":{"line":82,"column":54}},"locations":[{"start":{"line":82,"column":31},"end":{"line":82,"column":54}}]},"32":{"type":"branch","line":82,"loc":{"start":{"line":82,"column":38},"end":{"line":83,"column":22}},"locations":[{"start":{"line":82,"column":38},"end":{"line":83,"column":22}}]},"33":{"type":"branch","line":86,"loc":{"start":{"line":86,"column":28},"end":{"line":86,"column":57}},"locations":[{"start":{"line":86,"column":28},"end":{"line":86,"column":57}}]},"34":{"type":"branch","line":89,"loc":{"start":{"line":89,"column":0},"end":{"line":94,"column":1}},"locations":[{"start":{"line":89,"column":0},"end":{"line":94,"column":1}}]},"35":{"type":"branch","line":96,"loc":{"start":{"line":96,"column":0},"end":{"line":98,"column":1}},"locations":[{"start":{"line":96,"column":0},"end":{"line":98,"column":1}}]},"36":{"type":"branch","line":116,"loc":{"start":{"line":116,"column":43},"end":{"line":116,"column":56}},"locations":[{"start":{"line":116,"column":43},"end":{"line":116,"column":56}}]},"37":{"type":"branch","line":118,"loc":{"start":{"line":118,"column":27},"end":{"line":118,"column":46}},"locations":[{"start":{"line":118,"column":27},"end":{"line":118,"column":46}}]},"38":{"type":"branch","line":118,"loc":{"start":{"line":118,"column":59},"end":{"line":118,"column":70}},"locations":[{"start":{"line":118,"column":59},"end":{"line":118,"column":70}}]},"39":{"type":"branch","line":128,"loc":{"start":{"line":128,"column":21},"end":{"line":131,"column":22}},"locations":[{"start":{"line":128,"column":21},"end":{"line":131,"column":22}}]},"40":{"type":"branch","line":131,"loc":{"start":{"line":131,"column":-1},"end":{"line":131,"column":22}},"locations":[{"start":{"line":131,"column":-1},"end":{"line":131,"column":22}}]},"41":{"type":"branch","line":141,"loc":{"start":{"line":141,"column":39},"end":{"line":141,"column":50}},"locations":[{"start":{"line":141,"column":39},"end":{"line":141,"column":50}}]},"42":{"type":"branch","line":141,"loc":{"start":{"line":141,"column":59},"end":{"line":141,"column":73}},"locations":[{"start":{"line":141,"column":59},"end":{"line":141,"column":73}}]},"43":{"type":"branch","line":157,"loc":{"start":{"line":157,"column":20},"end":{"line":181,"column":19}},"locations":[{"start":{"line":157,"column":20},"end":{"line":181,"column":19}}]},"44":{"type":"branch","line":181,"loc":{"start":{"line":181,"column":10},"end":{"line":181,"column":19}},"locations":[{"start":{"line":181,"column":10},"end":{"line":181,"column":19}}]},"45":{"type":"branch","line":196,"loc":{"start":{"line":196,"column":14},"end":{"line":196,"column":64}},"locations":[{"start":{"line":196,"column":14},"end":{"line":196,"column":64}}]},"46":{"type":"branch","line":196,"loc":{"start":{"line":196,"column":53},"end":{"line":199,"column":94}},"locations":[{"start":{"line":196,"column":53},"end":{"line":199,"column":94}}]},"47":{"type":"branch","line":209,"loc":{"start":{"line":209,"column":21},"end":{"line":209,"column":77}},"locations":[{"start":{"line":209,"column":21},"end":{"line":209,"column":77}}]},"48":{"type":"branch","line":209,"loc":{"start":{"line":209,"column":30},"end":{"line":209,"column":77}},"locations":[{"start":{"line":209,"column":30},"end":{"line":209,"column":77}}]},"49":{"type":"branch","line":221,"loc":{"start":{"line":221,"column":20},"end":{"line":221,"column":68}},"locations":[{"start":{"line":221,"column":20},"end":{"line":221,"column":68}}]},"50":{"type":"branch","line":221,"loc":{"start":{"line":221,"column":29},"end":{"line":221,"column":68}},"locations":[{"start":{"line":221,"column":29},"end":{"line":221,"column":68}}]},"51":{"type":"branch","line":244,"loc":{"start":{"line":244,"column":16},"end":{"line":248,"column":35}},"locations":[{"start":{"line":244,"column":16},"end":{"line":248,"column":35}}]},"52":{"type":"branch","line":248,"loc":{"start":{"line":248,"column":33},"end":{"line":248,"column":35}},"locations":[{"start":{"line":248,"column":33},"end":{"line":248,"column":35}}]},"53":{"type":"branch","line":252,"loc":{"start":{"line":252,"column":28},"end":{"line":254,"column":102}},"locations":[{"start":{"line":252,"column":28},"end":{"line":254,"column":102}}]},"54":{"type":"branch","line":254,"loc":{"start":{"line":254,"column":93},"end":{"line":254,"column":102}},"locations":[{"start":{"line":254,"column":93},"end":{"line":254,"column":102}}]},"55":{"type":"branch","line":362,"loc":{"start":{"line":362,"column":18},"end":{"line":368,"column":17}},"locations":[{"start":{"line":362,"column":18},"end":{"line":368,"column":17}}]},"56":{"type":"branch","line":368,"loc":{"start":{"line":368,"column":8},"end":{"line":368,"column":17}},"locations":[{"start":{"line":368,"column":8},"end":{"line":368,"column":17}}]},"57":{"type":"branch","line":1,"loc":{"start":{"line":1,"column":0},"end":{"line":1,"column":24}},"locations":[{"start":{"line":1,"column":0},"end":{"line":1,"column":24}}]}},"b":{"0":[12],"1":[10],"2":[14],"3":[6],"4":[13],"5":[13],"6":[12],"7":[8],"8":[1],"9":[0],"10":[0],"11":[0],"12":[0],"13":[0],"14":[0],"15":[4],"16":[2],"17":[2],"18":[0],"19":[0],"20":[0],"21":[0],"22":[0],"23":[0],"24":[0],"25":[13],"26":[1],"27":[12],"28":[13],"29":[10],"30":[3],"31":[0],"32":[3],"33":[10],"34":[1],"35":[1],"36":[16],"37":[16],"38":[16],"39":[10],"40":[5],"41":[10],"42":[10],"43":[11],"44":[6],"45":[0],"46":[0],"47":[1],"48":[6],"49":[1],"50":[6],"51":[1],"52":[6],"53":[5],"54":[2],"55":[7],"56":[3],"57":[7]},"fnMap":{"0":{"name":"editedMonster.value.name","decl":{"start":{"line":35,"column":6},"end":{"line":35,"column":27}},"loc":{"start":{"line":35,"column":6},"end":{"line":35,"column":27}},"line":35},"1":{"name":"deep","decl":{"start":{"line":35,"column":27},"end":{"line":52,"column":3}},"loc":{"start":{"line":35,"column":27},"end":{"line":52,"column":3}},"line":35},"2":{"name":"saveChanges","decl":{"start":{"line":89,"column":0},"end":{"line":94,"column":1}},"loc":{"start":{"line":89,"column":0},"end":{"line":94,"column":1}},"line":89},"3":{"name":"cancelEditing","decl":{"start":{"line":96,"column":0},"end":{"line":98,"column":1}},"loc":{"start":{"line":96,"column":0},"end":{"line":98,"column":1}},"line":96}},"f":{"0":13,"1":13,"2":1,"3":1}}
,"C:\\Users\\Pierre\\Code\\dnd\\src\\components\\monsters\\MonsterForm.vue": {"path":"C:\\Users\\Pierre\\Code\\dnd\\src\\components\\monsters\\MonsterForm.vue","all":false,"statementMap":{"0":{"start":{"line":1,"column":0},"end":{"line":1,"column":24}},"1":{"start":{"line":2,"column":0},"end":{"line":2,"column":26}},"2":{"start":{"line":3,"column":0},"end":{"line":3,"column":51}},"4":{"start":{"line":5,"column":0},"end":{"line":5,"column":39}},"7":{"start":{"line":8,"column":0},"end":{"line":8,"column":25}},"8":{"start":{"line":9,"column":0},"end":{"line":9,"column":11}},"9":{"start":{"line":10,"column":0},"end":{"line":10,"column":16}},"10":{"start":{"line":11,"column":0},"end":{"line":11,"column":8}},"11":{"start":{"line":12,"column":0},"end":{"line":12,"column":11}},"12":{"start":{"line":13,"column":0},"end":{"line":13,"column":8}},"13":{"start":{"line":14,"column":0},"end":{"line":14,"column":12}},"14":{"start":{"line":15,"column":0},"end":{"line":15,"column":15}},"15":{"start":{"line":16,"column":0},"end":{"line":16,"column":16}},"16":{"start":{"line":17,"column":0},"end":{"line":17,"column":19}},"17":{"start":{"line":18,"column":0},"end":{"line":18,"column":19}},"18":{"start":{"line":19,"column":0},"end":{"line":19,"column":13}},"19":{"start":{"line":20,"column":0},"end":{"line":20,"column":14}},"20":{"start":{"line":21,"column":0},"end":{"line":21,"column":3}},"22":{"start":{"line":23,"column":0},"end":{"line":23,"column":25}},"23":{"start":{"line":24,"column":0},"end":{"line":24,"column":45}},"24":{"start":{"line":25,"column":0},"end":{"line":25,"column":14}},"25":{"start":{"line":26,"column":0},"end":{"line":26,"column":1}},"27":{"start":{"line":28,"column":0},"end":{"line":28,"column":25}},"28":{"start":{"line":29,"column":0},"end":{"line":29,"column":37}},"29":{"start":{"line":30,"column":0},"end":{"line":30,"column":14}},"30":{"start":{"line":31,"column":0},"end":{"line":31,"column":1}},"32":{"start":{"line":33,"column":0},"end":{"line":33,"column":22}},"33":{"start":{"line":34,"column":0},"end":{"line":34,"column":23}},"34":{"start":{"line":35,"column":0},"end":{"line":35,"column":13}},"35":{"start":{"line":36,"column":0},"end":{"line":36,"column":18}},"36":{"start":{"line":37,"column":0},"end":{"line":37,"column":10}},"37":{"start":{"line":38,"column":0},"end":{"line":38,"column":13}},"38":{"start":{"line":39,"column":0},"end":{"line":39,"column":10}},"39":{"start":{"line":40,"column":0},"end":{"line":40,"column":14}},"40":{"start":{"line":41,"column":0},"end":{"line":41,"column":17}},"41":{"start":{"line":42,"column":0},"end":{"line":42,"column":18}},"42":{"start":{"line":43,"column":0},"end":{"line":43,"column":21}},"43":{"start":{"line":44,"column":0},"end":{"line":44,"column":21}},"44":{"start":{"line":45,"column":0},"end":{"line":45,"column":15}},"45":{"start":{"line":46,"column":0},"end":{"line":46,"column":16}},"46":{"start":{"line":47,"column":0},"end":{"line":47,"column":4}},"47":{"start":{"line":48,"column":0},"end":{"line":48,"column":1}},"51":{"start":{"line":52,"column":0},"end":{"line":52,"column":47}},"52":{"start":{"line":53,"column":0},"end":{"line":53,"column":58}},"53":{"start":{"line":54,"column":0},"end":{"line":54,"column":55}},"54":{"start":{"line":55,"column":0},"end":{"line":55,"column":11}},"55":{"start":{"line":56,"column":0},"end":{"line":56,"column":65}},"56":{"start":{"line":57,"column":0},"end":{"line":57,"column":15}},"57":{"start":{"line":58,"column":0},"end":{"line":58,"column":37}},"58":{"start":{"line":59,"column":0},"end":{"line":59,"column":22}},"59":{"start":{"line":60,"column":0},"end":{"line":60,"column":62}},"60":{"start":{"line":61,"column":0},"end":{"line":61,"column":9}},"61":{"start":{"line":62,"column":0},"end":{"line":62,"column":12}},"62":{"start":{"line":63,"column":0},"end":{"line":63,"column":11}},"63":{"start":{"line":64,"column":0},"end":{"line":64,"column":72}},"64":{"start":{"line":65,"column":0},"end":{"line":65,"column":15}},"65":{"start":{"line":66,"column":0},"end":{"line":66,"column":50}},"66":{"start":{"line":67,"column":0},"end":{"line":67,"column":24}},"67":{"start":{"line":68,"column":0},"end":{"line":68,"column":62}},"68":{"start":{"line":69,"column":0},"end":{"line":69,"column":9}},"69":{"start":{"line":70,"column":0},"end":{"line":70,"column":12}},"70":{"start":{"line":71,"column":0},"end":{"line":71,"column":11}},"71":{"start":{"line":72,"column":0},"end":{"line":72,"column":75}},"72":{"start":{"line":73,"column":0},"end":{"line":73,"column":15}},"73":{"start":{"line":74,"column":0},"end":{"line":74,"column":42}},"74":{"start":{"line":75,"column":0},"end":{"line":75,"column":24}},"75":{"start":{"line":76,"column":0},"end":{"line":76,"column":62}},"76":{"start":{"line":77,"column":0},"end":{"line":77,"column":9}},"77":{"start":{"line":78,"column":0},"end":{"line":78,"column":12}},"78":{"start":{"line":79,"column":0},"end":{"line":79,"column":11}},"79":{"start":{"line":80,"column":0},"end":{"line":80,"column":79}},"80":{"start":{"line":81,"column":0},"end":{"line":81,"column":15}},"81":{"start":{"line":82,"column":0},"end":{"line":82,"column":45}},"82":{"start":{"line":83,"column":0},"end":{"line":83,"column":24}},"83":{"start":{"line":84,"column":0},"end":{"line":84,"column":62}},"84":{"start":{"line":85,"column":0},"end":{"line":85,"column":9}},"85":{"start":{"line":86,"column":0},"end":{"line":86,"column":12}},"86":{"start":{"line":87,"column":0},"end":{"line":87,"column":11}},"87":{"start":{"line":88,"column":0},"end":{"line":88,"column":77}},"88":{"start":{"line":89,"column":0},"end":{"line":89,"column":15}},"89":{"start":{"line":90,"column":0},"end":{"line":90,"column":42}},"90":{"start":{"line":91,"column":0},"end":{"line":91,"column":24}},"91":{"start":{"line":92,"column":0},"end":{"line":92,"column":62}},"92":{"start":{"line":93,"column":0},"end":{"line":93,"column":9}},"93":{"start":{"line":94,"column":0},"end":{"line":94,"column":12}},"94":{"start":{"line":95,"column":0},"end":{"line":95,"column":10}},"96":{"start":{"line":97,"column":0},"end":{"line":97,"column":61}},"97":{"start":{"line":98,"column":0},"end":{"line":98,"column":55}},"98":{"start":{"line":99,"column":0},"end":{"line":99,"column":11}},"99":{"start":{"line":100,"column":0},"end":{"line":100,"column":65}},"100":{"start":{"line":101,"column":0},"end":{"line":101,"column":15}},"101":{"start":{"line":102,"column":0},"end":{"line":102,"column":48}},"102":{"start":{"line":103,"column":0},"end":{"line":103,"column":24}},"103":{"start":{"line":104,"column":0},"end":{"line":104,"column":62}},"104":{"start":{"line":105,"column":0},"end":{"line":105,"column":9}},"105":{"start":{"line":106,"column":0},"end":{"line":106,"column":12}},"106":{"start":{"line":107,"column":0},"end":{"line":107,"column":11}},"107":{"start":{"line":108,"column":0},"end":{"line":108,"column":65}},"108":{"start":{"line":109,"column":0},"end":{"line":109,"column":15}},"109":{"start":{"line":110,"column":0},"end":{"line":110,"column":49}},"110":{"start":{"line":111,"column":0},"end":{"line":111,"column":24}},"111":{"start":{"line":112,"column":0},"end":{"line":112,"column":62}},"112":{"start":{"line":113,"column":0},"end":{"line":113,"column":9}},"113":{"start":{"line":114,"column":0},"end":{"line":114,"column":12}},"114":{"start":{"line":115,"column":0},"end":{"line":115,"column":11}},"115":{"start":{"line":116,"column":0},"end":{"line":116,"column":65}},"116":{"start":{"line":117,"column":0},"end":{"line":117,"column":15}},"117":{"start":{"line":118,"column":0},"end":{"line":118,"column":52}},"118":{"start":{"line":119,"column":0},"end":{"line":119,"column":24}},"119":{"start":{"line":120,"column":0},"end":{"line":120,"column":62}},"120":{"start":{"line":121,"column":0},"end":{"line":121,"column":9}},"121":{"start":{"line":122,"column":0},"end":{"line":122,"column":12}},"122":{"start":{"line":123,"column":0},"end":{"line":123,"column":11}},"123":{"start":{"line":124,"column":0},"end":{"line":124,"column":65}},"124":{"start":{"line":125,"column":0},"end":{"line":125,"column":15}},"125":{"start":{"line":126,"column":0},"end":{"line":126,"column":52}},"126":{"start":{"line":127,"column":0},"end":{"line":127,"column":24}},"127":{"start":{"line":128,"column":0},"end":{"line":128,"column":62}},"128":{"start":{"line":129,"column":0},"end":{"line":129,"column":9}},"129":{"start":{"line":130,"column":0},"end":{"line":130,"column":12}},"130":{"start":{"line":131,"column":0},"end":{"line":131,"column":11}},"131":{"start":{"line":132,"column":0},"end":{"line":132,"column":65}},"132":{"start":{"line":133,"column":0},"end":{"line":133,"column":15}},"133":{"start":{"line":134,"column":0},"end":{"line":134,"column":46}},"134":{"start":{"line":135,"column":0},"end":{"line":135,"column":24}},"135":{"start":{"line":136,"column":0},"end":{"line":136,"column":62}},"136":{"start":{"line":137,"column":0},"end":{"line":137,"column":9}},"137":{"start":{"line":138,"column":0},"end":{"line":138,"column":12}},"138":{"start":{"line":139,"column":0},"end":{"line":139,"column":11}},"139":{"start":{"line":140,"column":0},"end":{"line":140,"column":65}},"140":{"start":{"line":141,"column":0},"end":{"line":141,"column":15}},"141":{"start":{"line":142,"column":0},"end":{"line":142,"column":48}},"142":{"start":{"line":143,"column":0},"end":{"line":143,"column":24}},"143":{"start":{"line":144,"column":0},"end":{"line":144,"column":62}},"144":{"start":{"line":145,"column":0},"end":{"line":145,"column":9}},"145":{"start":{"line":146,"column":0},"end":{"line":146,"column":12}},"146":{"start":{"line":147,"column":0},"end":{"line":147,"column":10}},"148":{"start":{"line":149,"column":0},"end":{"line":149,"column":22}},"149":{"start":{"line":150,"column":0},"end":{"line":150,"column":65}},"150":{"start":{"line":151,"column":0},"end":{"line":151,"column":16}},"151":{"start":{"line":152,"column":0},"end":{"line":152,"column":36}},"152":{"start":{"line":153,"column":0},"end":{"line":153,"column":65}},"153":{"start":{"line":154,"column":0},"end":{"line":154,"column":18}},"154":{"start":{"line":155,"column":0},"end":{"line":155,"column":10}},"156":{"start":{"line":157,"column":0},"end":{"line":157,"column":37}},"157":{"start":{"line":158,"column":0},"end":{"line":158,"column":14}},"158":{"start":{"line":159,"column":0},"end":{"line":159,"column":30}},"159":{"start":{"line":160,"column":0},"end":{"line":160,"column":94}},"160":{"start":{"line":161,"column":0},"end":{"line":161,"column":7}},"162":{"start":{"line":163,"column":0},"end":{"line":163,"column":15}},"163":{"start":{"line":164,"column":0},"end":{"line":164,"column":14}},"164":{"start":{"line":165,"column":0},"end":{"line":165,"column":30}},"165":{"start":{"line":166,"column":0},"end":{"line":166,"column":95}},"166":{"start":{"line":167,"column":0},"end":{"line":167,"column":7}},"168":{"start":{"line":169,"column":0},"end":{"line":169,"column":15}},"169":{"start":{"line":170,"column":0},"end":{"line":170,"column":10}},"170":{"start":{"line":171,"column":0},"end":{"line":171,"column":8}}},"s":{"0":1,"1":1,"2":1,"4":1,"7":1,"8":1,"9":1,"10":1,"11":1,"12":1,"13":1,"14":1,"15":1,"16":1,"17":1,"18":1,"19":1,"20":1,"22":2,"23":2,"24":2,"25":2,"27":1,"28":1,"29":1,"30":1,"32":3,"33":3,"34":3,"35":3,"36":3,"37":3,"38":3,"39":3,"40":3,"41":3,"42":3,"43":3,"44":3,"45":3,"46":3,"47":3,"51":1,"52":1,"53":1,"54":1,"55":1,"56":1,"57":1,"58":1,"59":1,"60":1,"61":1,"62":1,"63":1,"64":1,"65":1,"66":1,"67":1,"68":1,"69":1,"70":1,"71":1,"72":1,"73":1,"74":1,"75":1,"76":1,"77":1,"78":1,"79":1,"80":1,"81":1,"82":1,"83":1,"84":1,"85":1,"86":1,"87":1,"88":1,"89":1,"90":1,"91":1,"92":1,"93":1,"94":1,"96":1,"97":1,"98":1,"99":1,"100":1,"101":1,"102":1,"103":1,"104":1,"105":1,"106":1,"107":1,"108":1,"109":1,"110":1,"111":1,"112":1,"113":1,"114":1,"115":1,"116":1,"117":1,"118":1,"119":1,"120":1,"121":1,"122":1,"123":1,"124":1,"125":1,"126":1,"127":1,"128":1,"129":1,"130":1,"131":1,"132":1,"133":1,"134":1,"135":1,"136":1,"137":1,"138":1,"139":1,"140":1,"141":1,"142":1,"143":1,"144":1,"145":1,"146":1,"148":1,"149":1,"150":1,"151":1,"152":1,"153":1,"154":1,"156":1,"157":1,"158":1,"159":1,"160":1,"162":1,"163":1,"164":1,"165":1,"166":1,"168":1,"169":1,"170":1},"branchMap":{"0":{"type":"branch","line":23,"loc":{"start":{"line":23,"column":0},"end":{"line":26,"column":1}},"locations":[{"start":{"line":23,"column":0},"end":{"line":26,"column":1}}]},"1":{"type":"branch","line":28,"loc":{"start":{"line":28,"column":0},"end":{"line":31,"column":1}},"locations":[{"start":{"line":28,"column":0},"end":{"line":31,"column":1}}]},"2":{"type":"branch","line":33,"loc":{"start":{"line":33,"column":0},"end":{"line":48,"column":1}},"locations":[{"start":{"line":33,"column":0},"end":{"line":48,"column":1}}]},"3":{"type":"branch","line":97,"loc":{"start":{"line":97,"column":4},"end":{"line":97,"column":61}},"locations":[{"start":{"line":97,"column":4},"end":{"line":97,"column":61}}]}},"b":{"0":[2],"1":[1],"2":[3],"3":[6]},"fnMap":{"0":{"name":"handleSubmit","decl":{"start":{"line":23,"column":0},"end":{"line":26,"column":1}},"loc":{"start":{"line":23,"column":0},"end":{"line":26,"column":1}},"line":23},"1":{"name":"handleCancel","decl":{"start":{"line":28,"column":0},"end":{"line":31,"column":1}},"loc":{"start":{"line":28,"column":0},"end":{"line":31,"column":1}},"line":28},"2":{"name":"resetForm","decl":{"start":{"line":33,"column":0},"end":{"line":48,"column":1}},"loc":{"start":{"line":33,"column":0},"end":{"line":48,"column":1}},"line":33}},"f":{"0":2,"1":1,"2":3}}
,"C:\\Users\\Pierre\\Code\\dnd\\src\\components\\monsters\\MonsterList.vue": {"path":"C:\\Users\\Pierre\\Code\\dnd\\src\\components\\monsters\\MonsterList.vue","all":false,"statementMap":{"0":{"start":{"line":1,"column":0},"end":{"line":1,"column":24}},"1":{"start":{"line":2,"column":0},"end":{"line":2,"column":47}},"2":{"start":{"line":3,"column":0},"end":{"line":3,"column":51}},"3":{"start":{"line":4,"column":0},"end":{"line":4,"column":34}},"4":{"start":{"line":5,"column":0},"end":{"line":5,"column":68}},"5":{"start":{"line":6,"column":0},"end":{"line":6,"column":64}},"6":{"start":{"line":7,"column":0},"end":{"line":7,"column":64}},"8":{"start":{"line":9,"column":0},"end":{"line":9,"column":39}},"9":{"start":{"line":10,"column":0},"end":{"line":10,"column":55}},"10":{"start":{"line":11,"column":0},"end":{"line":11,"column":51}},"11":{"start":{"line":12,"column":0},"end":{"line":12,"column":37}},"13":{"start":{"line":14,"column":0},"end":{"line":14,"column":17}},"14":{"start":{"line":15,"column":0},"end":{"line":15,"column":18}},"15":{"start":{"line":16,"column":0},"end":{"line":16,"column":3}},"17":{"start":{"line":18,"column":0},"end":{"line":18,"column":26}},"18":{"start":{"line":19,"column":0},"end":{"line":19,"column":27}},"19":{"start":{"line":20,"column":0},"end":{"line":20,"column":41}},"20":{"start":{"line":21,"column":0},"end":{"line":21,"column":21}},"21":{"start":{"line":22,"column":0},"end":{"line":22,"column":29}},"22":{"start":{"line":23,"column":0},"end":{"line":23,"column":32}},"23":{"start":{"line":24,"column":0},"end":{"line":24,"column":42}},"25":{"start":{"line":26,"column":0},"end":{"line":26,"column":45}},"26":{"start":{"line":27,"column":0},"end":{"line":27,"column":63}},"27":{"start":{"line":28,"column":0},"end":{"line":28,"column":53}},"30":{"start":{"line":31,"column":0},"end":{"line":31,"column":47}},"31":{"start":{"line":32,"column":0},"end":{"line":32,"column":7}},"32":{"start":{"line":33,"column":0},"end":{"line":33,"column":7}},"33":{"start":{"line":34,"column":0},"end":{"line":34,"column":3}},"34":{"start":{"line":35,"column":0},"end":{"line":35,"column":1}},"36":{"start":{"line":37,"column":0},"end":{"line":37,"column":31}},"37":{"start":{"line":38,"column":0},"end":{"line":38,"column":37}},"38":{"start":{"line":39,"column":0},"end":{"line":39,"column":44}},"39":{"start":{"line":40,"column":0},"end":{"line":40,"column":5}},"40":{"start":{"line":41,"column":0},"end":{"line":41,"column":1}},"44":{"start":{"line":45,"column":0},"end":{"line":45,"column":54}},"45":{"start":{"line":46,"column":0},"end":{"line":46,"column":48}},"46":{"start":{"line":47,"column":0},"end":{"line":47,"column":32}},"47":{"start":{"line":48,"column":0},"end":{"line":48,"column":14}},"48":{"start":{"line":49,"column":0},"end":{"line":49,"column":52}},"49":{"start":{"line":50,"column":0},"end":{"line":50,"column":79}},"51":{"start":{"line":52,"column":0},"end":{"line":52,"column":77}},"52":{"start":{"line":53,"column":0},"end":{"line":53,"column":15}},"53":{"start":{"line":54,"column":0},"end":{"line":54,"column":14}},"54":{"start":{"line":55,"column":0},"end":{"line":55,"column":56}},"55":{"start":{"line":56,"column":0},"end":{"line":56,"column":77}},"57":{"start":{"line":58,"column":0},"end":{"line":58,"column":82}},"58":{"start":{"line":59,"column":0},"end":{"line":59,"column":15}},"59":{"start":{"line":60,"column":0},"end":{"line":60,"column":14}},"60":{"start":{"line":61,"column":0},"end":{"line":61,"column":36}},"61":{"start":{"line":62,"column":0},"end":{"line":62,"column":81}},"62":{"start":{"line":63,"column":0},"end":{"line":63,"column":7}},"64":{"start":{"line":65,"column":0},"end":{"line":65,"column":15}},"65":{"start":{"line":66,"column":0},"end":{"line":66,"column":10}},"66":{"start":{"line":67,"column":0},"end":{"line":67,"column":8}},"68":{"start":{"line":69,"column":0},"end":{"line":69,"column":25}},"69":{"start":{"line":70,"column":0},"end":{"line":70,"column":44}},"71":{"start":{"line":72,"column":0},"end":{"line":72,"column":23}},"72":{"start":{"line":73,"column":0},"end":{"line":73,"column":15}},"73":{"start":{"line":74,"column":0},"end":{"line":74,"column":40}},"74":{"start":{"line":75,"column":0},"end":{"line":75,"column":4}},"76":{"start":{"line":77,"column":0},"end":{"line":77,"column":42}},"77":{"start":{"line":78,"column":0},"end":{"line":78,"column":84}},"78":{"start":{"line":79,"column":0},"end":{"line":79,"column":109}},"79":{"start":{"line":80,"column":0},"end":{"line":80,"column":8}},"81":{"start":{"line":82,"column":0},"end":{"line":82,"column":79}},"82":{"start":{"line":83,"column":0},"end":{"line":83,"column":123}},"83":{"start":{"line":84,"column":0},"end":{"line":84,"column":8}},"85":{"start":{"line":86,"column":0},"end":{"line":86,"column":44}},"86":{"start":{"line":87,"column":0},"end":{"line":87,"column":16}},"87":{"start":{"line":88,"column":0},"end":{"line":88,"column":33}},"88":{"start":{"line":89,"column":0},"end":{"line":89,"column":23}},"89":{"start":{"line":90,"column":0},"end":{"line":90,"column":29}},"90":{"start":{"line":91,"column":0},"end":{"line":91,"column":6}},"91":{"start":{"line":92,"column":0},"end":{"line":92,"column":8}}},"s":{"0":1,"1":1,"2":1,"3":1,"4":1,"5":1,"6":1,"8":1,"9":1,"10":1,"11":1,"13":1,"14":6,"15":1,"17":6,"18":6,"19":6,"20":6,"21":6,"22":6,"23":6,"25":0,"26":0,"27":0,"30":0,"31":0,"32":6,"33":6,"34":6,"36":1,"37":1,"38":3,"39":1,"40":1,"44":1,"45":1,"46":1,"47":1,"48":1,"49":1,"51":1,"52":1,"53":1,"54":1,"55":1,"57":1,"58":1,"59":1,"60":1,"61":1,"62":1,"64":1,"65":1,"66":1,"68":1,"69":1,"71":1,"72":1,"73":1,"74":1,"76":1,"77":1,"78":1,"79":8,"81":8,"82":8,"83":1,"85":1,"86":1,"87":1,"88":1,"89":1,"90":1,"91":1},"branchMap":{"0":{"type":"branch","line":10,"loc":{"start":{"line":10,"column":26},"end":{"line":10,"column":53}},"locations":[{"start":{"line":10,"column":26},"end":{"line":10,"column":53}}]},"1":{"type":"branch","line":14,"loc":{"start":{"line":14,"column":10},"end":{"line":16,"column":1}},"locations":[{"start":{"line":14,"column":10},"end":{"line":16,"column":1}}]},"2":{"type":"branch","line":18,"loc":{"start":{"line":18,"column":0},"end":{"line":35,"column":1}},"locations":[{"start":{"line":18,"column":0},"end":{"line":35,"column":1}}]},"3":{"type":"branch","line":37,"loc":{"start":{"line":37,"column":0},"end":{"line":41,"column":1}},"locations":[{"start":{"line":37,"column":0},"end":{"line":41,"column":1}}]},"4":{"type":"branch","line":38,"loc":{"start":{"line":38,"column":25},"end":{"line":40,"column":3}},"locations":[{"start":{"line":38,"column":25},"end":{"line":40,"column":3}}]},"5":{"type":"branch","line":52,"loc":{"start":{"line":52,"column":24},"end":{"line":52,"column":77}},"locations":[{"start":{"line":52,"column":24},"end":{"line":52,"column":77}}]},"6":{"type":"branch","line":52,"loc":{"start":{"line":52,"column":39},"end":{"line":52,"column":77}},"locations":[{"start":{"line":52,"column":39},"end":{"line":52,"column":77}}]},"7":{"type":"branch","line":58,"loc":{"start":{"line":58,"column":11},"end":{"line":58,"column":82}},"locations":[{"start":{"line":58,"column":11},"end":{"line":58,"column":82}}]},"8":{"type":"branch","line":58,"loc":{"start":{"line":58,"column":28},"end":{"line":58,"column":82}},"locations":[{"start":{"line":58,"column":28},"end":{"line":58,"column":82}}]},"9":{"type":"branch","line":69,"loc":{"start":{"line":69,"column":2},"end":{"line":69,"column":25}},"locations":[{"start":{"line":69,"column":2},"end":{"line":69,"column":25}}]},"10":{"type":"branch","line":72,"loc":{"start":{"line":72,"column":2},"end":{"line":72,"column":23}},"locations":[{"start":{"line":72,"column":2},"end":{"line":72,"column":23}}]},"11":{"type":"branch","line":78,"loc":{"start":{"line":78,"column":28},"end":{"line":79,"column":109}},"locations":[{"start":{"line":78,"column":28},"end":{"line":79,"column":109}}]},"12":{"type":"branch","line":79,"loc":{"start":{"line":79,"column":105},"end":{"line":83,"column":123}},"locations":[{"start":{"line":79,"column":105},"end":{"line":83,"column":123}}]}},"b":{"0":[6],"1":[6],"2":[6],"3":[1],"4":[3],"5":[2],"6":[7],"7":[1],"8":[8],"9":[8],"10":[7],"11":[1],"12":[8]},"fnMap":{"0":{"name":"setupSortable","decl":{"start":{"line":18,"column":0},"end":{"line":35,"column":1}},"loc":{"start":{"line":18,"column":0},"end":{"line":35,"column":1}},"line":18},"1":{"name":"onEnd","decl":{"start":{"line":24,"column":6},"end":{"line":32,"column":7}},"loc":{"start":{"line":24,"column":6},"end":{"line":32,"column":7}},"line":24},"2":{"name":"rollAllInitiatives","decl":{"start":{"line":37,"column":0},"end":{"line":41,"column":1}},"loc":{"start":{"line":37,"column":0},"end":{"line":41,"column":1}},"line":37}},"f":{"0":6,"1":0,"2":1}}
,"C:\\Users\\Pierre\\Code\\dnd\\src\\components\\monsters\\MonsterSearch.vue": {"path":"C:\\Users\\Pierre\\Code\\dnd\\src\\components\\monsters\\MonsterSearch.vue","all":false,"statementMap":{"0":{"start":{"line":1,"column":0},"end":{"line":1,"column":24}},"1":{"start":{"line":2,"column":0},"end":{"line":2,"column":33}},"2":{"start":{"line":3,"column":0},"end":{"line":3,"column":51}},"4":{"start":{"line":5,"column":0},"end":{"line":5,"column":32}},"5":{"start":{"line":6,"column":0},"end":{"line":6,"column":28}},"6":{"start":{"line":7,"column":0},"end":{"line":7,"column":29}},"7":{"start":{"line":8,"column":0},"end":{"line":8,"column":56}},"10":{"start":{"line":11,"column":0},"end":{"line":11,"column":28}},"12":{"start":{"line":13,"column":0},"end":{"line":13,"column":37}},"13":{"start":{"line":14,"column":0},"end":{"line":14,"column":47}},"14":{"start":{"line":15,"column":0},"end":{"line":15,"column":3}},"17":{"start":{"line":18,"column":0},"end":{"line":18,"column":51}},"18":{"start":{"line":19,"column":0},"end":{"line":19,"column":20}},"19":{"start":{"line":20,"column":0},"end":{"line":20,"column":31}},"20":{"start":{"line":21,"column":0},"end":{"line":21,"column":1}},"23":{"start":{"line":24,"column":0},"end":{"line":24,"column":32}},"24":{"start":{"line":25,"column":0},"end":{"line":25,"column":34}},"25":{"start":{"line":26,"column":0},"end":{"line":26,"column":11}},"26":{"start":{"line":27,"column":0},"end":{"line":27,"column":3}},"28":{"start":{"line":29,"column":0},"end":{"line":29,"column":25}},"29":{"start":{"line":30,"column":0},"end":{"line":30,"column":48}},"30":{"start":{"line":31,"column":0},"end":{"line":31,"column":26}},"31":{"start":{"line":32,"column":0},"end":{"line":32,"column":1}},"34":{"start":{"line":35,"column":0},"end":{"line":35,"column":40}},"35":{"start":{"line":36,"column":0},"end":{"line":36,"column":25}},"36":{"start":{"line":37,"column":0},"end":{"line":37,"column":37}},"37":{"start":{"line":38,"column":0},"end":{"line":38,"column":26}},"40":{"start":{"line":41,"column":0},"end":{"line":41,"column":25}},"41":{"start":{"line":42,"column":0},"end":{"line":42,"column":27}},"42":{"start":{"line":43,"column":0},"end":{"line":43,"column":1}},"45":{"start":{"line":46,"column":0},"end":{"line":46,"column":26}},"46":{"start":{"line":47,"column":0},"end":{"line":47,"column":20}},"47":{"start":{"line":48,"column":0},"end":{"line":48,"column":3}},"51":{"start":{"line":52,"column":0},"end":{"line":52,"column":20}},"52":{"start":{"line":53,"column":0},"end":{"line":53,"column":61}},"53":{"start":{"line":54,"column":0},"end":{"line":54,"column":22}},"54":{"start":{"line":55,"column":0},"end":{"line":55,"column":13}},"55":{"start":{"line":56,"column":0},"end":{"line":56,"column":30}},"56":{"start":{"line":57,"column":0},"end":{"line":57,"column":67}},"57":{"start":{"line":58,"column":0},"end":{"line":58,"column":103}},"58":{"start":{"line":59,"column":0},"end":{"line":59,"column":8}},"59":{"start":{"line":60,"column":0},"end":{"line":60,"column":14}},"60":{"start":{"line":61,"column":0},"end":{"line":61,"column":31}},"61":{"start":{"line":62,"column":0},"end":{"line":62,"column":98}},"62":{"start":{"line":63,"column":0},"end":{"line":63,"column":52}},"64":{"start":{"line":65,"column":0},"end":{"line":65,"column":59}},"65":{"start":{"line":66,"column":0},"end":{"line":66,"column":38}},"66":{"start":{"line":67,"column":0},"end":{"line":67,"column":15}},"67":{"start":{"line":68,"column":0},"end":{"line":68,"column":10}},"69":{"start":{"line":70,"column":0},"end":{"line":70,"column":27}},"70":{"start":{"line":71,"column":0},"end":{"line":71,"column":97}},"71":{"start":{"line":72,"column":0},"end":{"line":72,"column":55}},"72":{"start":{"line":73,"column":0},"end":{"line":73,"column":57}},"73":{"start":{"line":74,"column":0},"end":{"line":74,"column":12}},"74":{"start":{"line":75,"column":0},"end":{"line":75,"column":27}},"75":{"start":{"line":76,"column":0},"end":{"line":76,"column":101}},"76":{"start":{"line":77,"column":0},"end":{"line":77,"column":57}},"77":{"start":{"line":78,"column":0},"end":{"line":78,"column":63}},"78":{"start":{"line":79,"column":0},"end":{"line":79,"column":20}},"79":{"start":{"line":80,"column":0},"end":{"line":80,"column":46}},"80":{"start":{"line":81,"column":0},"end":{"line":81,"column":108}},"81":{"start":{"line":82,"column":0},"end":{"line":82,"column":35}},"82":{"start":{"line":83,"column":0},"end":{"line":83,"column":13}},"84":{"start":{"line":85,"column":0},"end":{"line":85,"column":21}},"85":{"start":{"line":86,"column":0},"end":{"line":86,"column":16}},"86":{"start":{"line":87,"column":0},"end":{"line":87,"column":13}},"87":{"start":{"line":88,"column":0},"end":{"line":88,"column":11}},"88":{"start":{"line":89,"column":0},"end":{"line":89,"column":10}},"90":{"start":{"line":91,"column":0},"end":{"line":91,"column":31}},"91":{"start":{"line":92,"column":0},"end":{"line":92,"column":135}},"92":{"start":{"line":93,"column":0},"end":{"line":93,"
[...]
olumn":3}},"line":176},"9":{"name":"isStatsShown","decl":{"start":{"line":180,"column":2},"end":{"line":182,"column":3}},"loc":{"start":{"line":180,"column":2},"end":{"line":182,"column":3}},"line":180},"10":{"name":"startAddingMonster","decl":{"start":{"line":185,"column":2},"end":{"line":187,"column":3}},"loc":{"start":{"line":185,"column":2},"end":{"line":187,"column":3}},"line":185},"11":{"name":"cancelAddingMonster","decl":{"start":{"line":189,"column":2},"end":{"line":191,"column":3}},"loc":{"start":{"line":189,"column":2},"end":{"line":191,"column":3}},"line":189},"12":{"name":"startEditingMonster","decl":{"start":{"line":193,"column":2},"end":{"line":195,"column":3}},"loc":{"start":{"line":193,"column":2},"end":{"line":195,"column":3}},"line":193},"13":{"name":"cancelEditingMonster","decl":{"start":{"line":197,"column":2},"end":{"line":199,"column":3}},"loc":{"start":{"line":197,"column":2},"end":{"line":199,"column":3}},"line":197},"14":{"name":"rollInitiative","decl":{"start":{"line":202,"column":2},"end":{"line":232,"column":3}},"loc":{"start":{"line":202,"column":2},"end":{"line":232,"column":3}},"line":202},"15":{"name":"rollAllInitiatives","decl":{"start":{"line":234,"column":2},"end":{"line":238,"column":3}},"loc":{"start":{"line":234,"column":2},"end":{"line":238,"column":3}},"line":234},"16":{"name":"toggleAddingMonster","decl":{"start":{"line":240,"column":2},"end":{"line":246,"column":3}},"loc":{"start":{"line":240,"column":2},"end":{"line":246,"column":3}},"line":240},"17":{"name":"addMonsterFromTemp","decl":{"start":{"line":248,"column":2},"end":{"line":252,"column":3}},"loc":{"start":{"line":248,"column":2},"end":{"line":252,"column":3}},"line":248},"18":{"name":"getMonsterById","decl":{"start":{"line":254,"column":2},"end":{"line":256,"column":3}},"loc":{"start":{"line":254,"column":2},"end":{"line":256,"column":3}},"line":254},"19":{"name":"searchMonsters","decl":{"start":{"line":258,"column":2},"end":{"line":281,"column":3}},"loc":{"start":{"line":258,"column":2},"end":{"line":281,"column":3}},"line":258},"20":{"name":"addMonsterFromApi","decl":{"start":{"line":283,"column":2},"end":{"line":331,"column":3}},"loc":{"start":{"line":283,"column":2},"end":{"line":331,"column":3}},"line":283},"21":{"name":"createNotesFromApiData","decl":{"start":{"line":333,"column":2},"end":{"line":352,"column":3}},"loc":{"start":{"line":333,"column":2},"end":{"line":352,"column":3}},"line":333}},"f":{"0":48,"1":48,"2":3,"3":12,"4":5,"5":1,"6":6,"7":13,"8":3,"9":9,"10":1,"11":2,"12":8,"13":13,"14":9,"15":1,"16":2,"17":0,"18":17,"19":0,"20":3,"21":3}}
,"C:\\Users\\Pierre\\Code\\dnd\\src\\stores\\player.ts": {"path":"C:\\Users\\Pierre\\Code\\dnd\\src\\stores\\player.ts","all":false,"statementMap":{"0":{"start":{"line":1,"column":0},"end":{"line":1,"column":36}},"1":{"start":{"line":2,"column":0},"end":{"line":2,"column":43}},"2":{"start":{"line":3,"column":0},"end":{"line":3,"column":36}},"12":{"start":{"line":13,"column":0},"end":{"line":13,"column":59}},"14":{"start":{"line":15,"column":0},"end":{"line":15,"column":74}},"15":{"start":{"line":16,"column":0},"end":{"line":16,"column":70}},"17":{"start":{"line":18,"column":0},"end":{"line":18,"column":48}},"18":{"start":{"line":19,"column":0},"end":{"line":19,"column":36}},"19":{"start":{"line":20,"column":0},"end":{"line":20,"column":51}},"22":{"start":{"line":23,"column":0},"end":{"line":23,"column":76}},"23":{"start":{"line":24,"column":0},"end":{"line":24,"column":47}},"24":{"start":{"line":25,"column":0},"end":{"line":25,"column":44}},"25":{"start":{"line":26,"column":0},"end":{"line":26,"column":85}},"26":{"start":{"line":27,"column":0},"end":{"line":27,"column":5}},"29":{"start":{"line":30,"column":0},"end":{"line":30,"column":34}},"30":{"start":{"line":31,"column":0},"end":{"line":31,"column":83}},"31":{"start":{"line":32,"column":0},"end":{"line":32,"column":21}},"34":{"start":{"line":35,"column":0},"end":{"line":35,"column":54}},"36":{"start":{"line":37,"column":0},"end":{"line":37,"column":45}},"37":{"start":{"line":38,"column":0},"end":{"line":38,"column":34}},"38":{"start":{"line":39,"column":0},"end":{"line":39,"column":45}},"39":{"start":{"line":40,"column":0},"end":{"line":40,"column":80}},"40":{"start":{"line":41,"column":0},"end":{"line":41,"column":35}},"41":{"start":{"line":42,"column":0},"end":{"line":42,"column":6}},"43":{"start":{"line":44,"column":0},"end":{"line":44,"column":28}},"44":{"start":{"line":45,"column":0},"end":{"line":45,"column":19}},"45":{"start":{"line":46,"column":0},"end":{"line":46,"column":20}},"46":{"start":{"line":47,"column":0},"end":{"line":47,"column":6}},"47":{"start":{"line":48,"column":0},"end":{"line":48,"column":31}},"48":{"start":{"line":49,"column":0},"end":{"line":49,"column":33}},"49":{"start":{"line":50,"column":0},"end":{"line":50,"column":3}},"51":{"start":{"line":52,"column":0},"end":{"line":52,"column":72}},"52":{"start":{"line":53,"column":0},"end":{"line":53,"column":70}},"53":{"start":{"line":54,"column":0},"end":{"line":54,"column":23}},"54":{"start":{"line":55,"column":0},"end":{"line":55,"column":66}},"55":{"start":{"line":56,"column":0},"end":{"line":56,"column":5}},"56":{"start":{"line":57,"column":0},"end":{"line":57,"column":3}},"58":{"start":{"line":59,"column":0},"end":{"line":59,"column":67}},"59":{"start":{"line":60,"column":0},"end":{"line":60,"column":37}},"60":{"start":{"line":61,"column":0},"end":{"line":61,"column":3}},"62":{"start":{"line":63,"column":0},"end":{"line":63,"column":37}},"63":{"start":{"line":64,"column":0},"end":{"line":64,"column":68}},"64":{"start":{"line":65,"column":0},"end":{"line":65,"column":71}},"67":{"start":{"line":68,"column":0},"end":{"line":68,"column":41}},"68":{"start":{"line":69,"column":0},"end":{"line":69,"column":37}},"69":{"start":{"line":70,"column":0},"end":{"line":70,"column":7}},"70":{"start":{"line":71,"column":0},"end":{"line":71,"column":5}},"71":{"start":{"line":72,"column":0},"end":{"line":72,"column":3}},"73":{"start":{"line":74,"column":0},"end":{"line":74,"column":47}},"74":{"start":{"line":75,"column":0},"end":{"line":75,"column":29}},"75":{"start":{"line":76,"column":0},"end":{"line":76,"column":3}},"77":{"start":{"line":78,"column":0},"end":{"line":78,"column":58}},"78":{"start":{"line":79,"column":0},"end":{"line":79,"column":58}},"79":{"start":{"line":80,"column":0},"end":{"line":80,"column":3}},"82":{"start":{"line":83,"column":0},"end":{"line":83,"column":32}},"83":{"start":{"line":84,"column":0},"end":{"line":84,"column":32}},"84":{"start":{"line":85,"column":0},"end":{"line":85,"column":3}},"86":{"start":{"line":87,"column":0},"end":{"line":87,"column":33}},"87":{"start":{"line":88,"column":0},"end":{"line":88,"column":33}},"88":{"start":{"line":89,"column":0},"end":{"line":89,"column":3}},"90":{"start":{"line":91,"column":0},"end":{"line":91,"column":43}},"91":{"start":{"line":92,"column":0},"end":{"line":92,"column":31}},"92":{"start":{"line":93,"column":0},"end":{"line":93,"column":3}},"94":{"start":{"line":95,"column":0},"end":{"line":95,"column":34}},"95":{"start":{"line":96,"column":0},"end":{"line":96,"column":33}},"96":{"start":{"line":97,"column":0},"end":{"line":97,"column":3}},"99":{"start":{"line":100,"column":0},"end":{"line":100,"column":54}},"100":{"start":{"line":101,"column":0},"end":{"line":101,"column":40}},"101":{"start":{"line":102,"column":0},"end":{"line":102,"column":3}},"103":{"start":{"line":104,"column":0},"end":{"line":104,"column":61}},"104":{"start":{"line":105,"column":0},"end":{"line":105,"column":42}},"105":{"start":{"line":106,"column":0},"end":{"line":106,"column":43}},"106":{"start":{"line":107,"column":0},"end":{"line":107,"column":3}},"108":{"start":{"line":109,"column":0},"end":{"line":109,"column":10}},"110":{"start":{"line":111,"column":0},"end":{"line":111,"column":12}},"111":{"start":{"line":112,"column":0},"end":{"line":112,"column":19}},"112":{"start":{"line":113,"column":0},"end":{"line":113,"column":20}},"115":{"start":{"line":116,"column":0},"end":{"line":116,"column":23}},"116":{"start":{"line":117,"column":0},"end":{"line":117,"column":25}},"119":{"start":{"line":120,"column":0},"end":{"line":120,"column":14}},"120":{"start":{"line":121,"column":0},"end":{"line":121,"column":17}},"121":{"start":{"line":122,"column":0},"end":{"line":122,"column":27}},"122":{"start":{"line":123,"column":0},"end":{"line":123,"column":17}},"123":{"start":{"line":124,"column":0},"end":{"line":124,"column":19}},"124":{"start":{"line":125,"column":0},"end":{"line":125,"column":22}},"125":{"start":{"line":126,"column":0},"end":{"line":126,"column":23}},"126":{"start":{"line":127,"column":0},"end":{"line":127,"column":23}},"127":{"start":{"line":128,"column":0},"end":{"line":128,"column":24}},"128":{"start":{"line":129,"column":0},"end":{"line":129,"column":18}},"131":{"start":{"line":132,"column":0},"end":{"line":132,"column":23}},"132":{"start":{"line":133,"column":0},"end":{"line":133,"column":29}},"133":{"start":{"line":134,"column":0},"end":{"line":134,"column":4}},"134":{"start":{"line":135,"column":0},"end":{"line":135,"column":3}}},"s":{"0":1,"1":1,"2":1,"12":1,"14":37,"15":37,"17":37,"18":37,"19":37,"22":37,"23":37,"24":0,"25":0,"26":37,"29":37,"30":35,"31":37,"34":37,"36":34,"37":34,"38":34,"39":34,"40":34,"41":34,"43":34,"44":34,"45":34,"46":34,"47":34,"48":34,"49":34,"51":37,"52":5,"53":5,"54":5,"55":5,"56":5,"58":37,"59":2,"60":2,"62":37,"63":3,"64":2,"67":2,"68":0,"69":0,"70":2,"71":3,"73":37,"74":1,"75":1,"77":37,"78":13,"79":13,"82":37,"83":2,"84":2,"86":37,"87":2,"88":2,"90":37,"91":6,"92":6,"94":37,"95":12,"96":12,"99":37,"100":17,"101":17,"103":37,"104":12,"105":12,"106":12,"108":37,"110":37,"111":37,"112":37,"115":37,"116":37,"119":37,"120":37,"121":37,"122":37,"123":37,"124":37,"125":37,"126":37,"127":37,"128":37,"131":37,"132":37,"133":37,"134":37},"branchMap":{"0":{"type":"branch","line":13,"loc":{"start":{"line":13,"column":52},"end":{"line":135,"column":3}},"locations":[{"start":{"line":13,"column":52},"end":{"line":135,"column":3}}]},"1":{"type":"branch","line":16,"loc":{"start":{"line":16,"column":25},"end":{"line":16,"column":67}},"locations":[{"start":{"line":16,"column":25},"end":{"line":16,"column":67}}]},"2":{"type":"branch","line":16,"loc":{"start":{"line":16,"column":63},"end":{"line":16,"column":70}},"locations":[{"start":{"line":16,"column":63},"end":{"line":16,"column":70}}]},"3":{"type":"branch","line":23,"loc":{"start":{"line":23,"column":38},"end":{"line":23,"column":74}},"locations":[{"start":{"line":23,"column":38},"end":{"line":23,"column":74}}]},"4":{"type":"branch","line":30,"loc":{"start":{"line":30,"column":17},"end":{"line":32,"column":5}},"locations":[{"start":{"line":30,"column":17},"end":{"line":32,"column":5}}]},"5":{"type":"branch","line":35,"loc":{"start":{"line":35,"column":2},"end":{"line":50,"column":3}},"locations":[{"start":{"line":35,"column":2},"end":{"line":50,"column":3}}]},"6":{"type":"branch","line":38,"loc":{"start":{"line":38,"column":23},"end":{"line":38,"column":34}},"locations":[{"start":{"line":38,"column":23},"end":{"line":38,"column":34}}]},"7":{"type":"branch","line":39,"loc":{"start":{"line":39,"column":29},"end":{"line":39,"column":45}},"locations":[{"start":{"line":39,"column":29},"end":{"line":39,"column":45}}]},"8":{"type":"branch","line":40,"loc":{"start":{"line":40,"column":65},"end":{"line":40,"column":80}},"locations":[{"start":{"line":40,"column":65},"end":{"line":40,"column":80}}]},"9":{"type":"branch","line":41,"loc":{"start":{"line":41,"column":24},"end":{"line":41,"column":35}},"locations":[{"start":{"line":41,"column":24},"end":{"line":41,"column":35}}]},"10":{"type":"branch","line":52,"loc":{"start":{"line":52,"column":2},"end":{"line":57,"column":3}},"locations":[{"start":{"line":52,"column":2},"end":{"line":57,"column":3}}]},"11":{"type":"branch","line":53,"loc":{"start":{"line":53,"column":42},"end":{"line":53,"column":68}},"locations":[{"start":{"line":53,"column":42},"end":{"line":53,"column":68}}]},"12":{"type":"branch","line":59,"loc":{"start":{"line":59,"column":2},"end":{"line":61,"column":3}},"locations":[{"start":{"line":59,"column":2},"end":{"line":61,"column":3}}]},"13":{"type":"branch","line":63,"loc":{"start":{"line":63,"column":2},"end":{"line":72,"column":3}},"locations":[{"start":{"line":63,"column":2},"end":{"line":72,"column":3}}]},"14":{"type":"branch","line":64,"loc":{"start":{"line":64,"column":67},"end":{"line":71,"column":5}},"locations":[{"start":{"line":64,"column":67},"end":{"line":71,"column":5}}]},"15":{"type":"branch","line":68,"loc":{"start":{"line":68,"column":40},"end":{"line":70,"column":7}},"locations":[{"start":{"line":68,"column":40},"end":{"line":70,"column":7}}]},"16":{"type":"branch","line":65,"loc":{"start":{"line":65,"column":43},"end":{"line":65,"column":69}},"locations":[{"start":{"line":65,"column":43},"end":{"line":65,"column":69}}]},"17":{"type":"branch","line":74,"loc":{"start":{"line":74,"column":2},"end":{"line":76,"column":3}},"locations":[{"start":{"line":74,"column":2},"end":{"line":76,"column":3}}]},"18":{"type":"branch","line":78,"loc":{"start":{"line":78,"column":2},"end":{"line":80,"column":3}},"locations":[{"start":{"line":78,"column":2},"end":{"line":80,"column":3}}]},"19":{"type":"branch","line":79,"loc":{"start":{"line":79,"column":30},"end":{"line":79,"column":56}},"locations":[{"start":{"line":79,"column":30},"end":{"line":79,"column":56}}]},"20":{"type":"branch","line":83,"loc":{"start":{"line":83,"column":2},"end":{"line":85,"column":3}},"locations":[{"start":{"line":83,"column":2},"end":{"line":85,"column":3}}]},"21":{"type":"branch","line":87,"loc":{"start":{"line":87,"column":2},"end":{"line":89,"column":3}},"locations":[{"start":{"line":87,"column":2},"end":{"line":89,"column":3}}]},"22":{"type":"branch","line":91,"loc":{"start":{"line":91,"column":2},"end":{"line":93,"column":3}},"locations":[{"start":{"line":91,"column":2},"end":{"line":93,"column":3}}]},"23":{"type":"branch","line":95,"loc":{"start":{"line":95,"column":2},"end":{"line":97,"column":3}},"locations":[{"start":{"line":95,"column":2},"end":{"line":97,"column":3}}]},"24":{"type":"branch","line":100,"loc":{"start":{"line":100,"column":2},"end":{"line":102,"column":3}},"locations":[{"start":{"line":100,"column":2},"end":{"line":102,"column":3}}]},"25":{"type":"branch","line":104,"loc":{"start":{"line":104,"column":2},"end":{"line":107,"column":3}},"locations":[{"start":{"line":104,"column":2},"end":{"line":107,"column":3}}]},"26":{"type":"branch","line":106,"loc":{"start":{"line":106,"column":18},"end":{"line":106,"column":34}},"locations":[{"start":{"line":106,"column":18},"end":{"line":106,"column":34}}]},"27":{"type":"branch","line":106,"loc":{"start":{"line":106,"column":29},"end":{"line":106,"column":43}},"locations":[{"start":{"line":106,"column":29},"end":{"line":106,"column":43}}]}},"b":{"0":[37],"1":[19],"2":[18],"3":[3],"4":[35],"5":[34],"6":[0],"7":[2],"8":[0],"9":[16],"10":[5],"11":[5],"12":[2],"13":[3],"14":[2],"15":[0],"16":[6],"17":[1],"18":[13],"19":[16],"20":[2],"21":[2],"22":[6],"23":[12],"24":[17],"25":[12],"26":[10],"27":[2]},"fnMap":{"0":{"name":"deep","decl":{"start":{"line":30,"column":17},"end":{"line":32,"column":5}},"loc":{"start":{"line":30,"column":17},"end":{"line":32,"column":5}},"line":30},"1":{"name":"addPlayer","decl":{"start":{"line":35,"column":2},"end":{"line":50,"column":3}},"loc":{"start":{"line":35,"column":2},"end":{"line":50,"column":3}},"line":35},"2":{"name":"updatePlayer","decl":{"start":{"line":52,"column":2},"end":{"line":57,"column":3}},"loc":{"start":{"line":52,"column":2},"end":{"line":57,"column":3}},"line":52},"3":{"name":"updatePlayerInitiative","decl":{"start":{"line":59,"column":2},"end":{"line":61,"column":3}},"loc":{"start":{"line":59,"column":2},"end":{"line":61,"column":3}},"line":59},"4":{"name":"removePlayer","decl":{"start":{"line":63,"column":2},"end":{"line":72,"column":3}},"loc":{"start":{"line":63,"column":2},"end":{"line":72,"column":3}},"line":63},"5":{"name":"reorderPlayers","decl":{"start":{"line":74,"column":2},"end":{"line":76,"column":3}},"loc":{"start":{"line":74,"column":2},"end":{"line":76,"column":3}},"line":74},"6":{"name":"getPlayerById","decl":{"start":{"line":78,"column":2},"end":{"line":80,"column":3}},"loc":{"start":{"line":78,"column":2},"end":{"line":80,"column":3}},"line":78},"7":{"name":"startAddingPlayer","decl":{"start":{"line":83,"column":2},"end":{"line":85,"column":3}},"loc":{"start":{"line":83,"column":2},"end":{"line":85,"column":3}},"line":83},"8":{"name":"cancelAddingPlayer","decl":{"start":{"line":87,"column":2},"end":{"line":89,"column":3}},"loc":{"start":{"line":87,"column":2},"end":{"line":89,"column":3}},"line":87},"9":{"name":"startEditingPlayer","decl":{"start":{"line":91,"column":2},"end":{"line":93,"column":3}},"loc":{"start":{"line":91,"column":2},"end":{"line":93,"column":3}},"line":91},"10":{"name":"cancelEditingPlayer","decl":{"start":{"line":95,"column":2},"end":{"line":97,"column":3}},"loc":{"start":{"line":95,"column":2},"end":{"line":97,"column":3}},"line":95},"11":{"name":"getAbilityModifier","decl":{"start":{"line":100,"column":2},"end":{"line":102,"column":3}},"loc":{"start":{"line":100,"column":2},"end":{"line":102,"column":3}},"line":100},"12":{"name":"getAbilityModifierDisplay","decl":{"start":{"line":104,"column":2},"end":{"line":107,"column":3}},"loc":{"start":{"line":104,"column":2},"end":{"line":107,"column":3}},"line":104}},"f":{"0":35,"1":34,"2":5,"3":2,"4":3,"5":1,"6":13,"7":2,"8":2,"9":6,"10":12,"11":17,"12":12}}
,"C:\\Users\\Pierre\\Code\\dnd\\src\\utils\\abilityUtils.ts": {"path":"C:\\Users\\Pierre\\Code\\dnd\\src\\utils\\abilityUtils.ts","all":false,"statementMap":{"9":{"start":{"line":10,"column":0},"end":{"line":10,"column":65}},"10":{"start":{"line":11,"column":0},"end":{"line":11,"column":38}},"11":{"start":{"line":12,"column":0},"end":{"line":12,"column":1}},"18":{"start":{"line":19,"column":0},"end":{"line":19,"column":64}},"19":{"start":{"line":20,"column":0},"end":{"line":20,"column":38}},"21":{"start":{"line":22,"column":0},"end":{"line":22,"column":51}},"22":{"start":{"line":23,"column":0},"end":{"line":23,"column":40}},"23":{"start":{"line":24,"column":0},"end":{"line":24,"column":41}},"24":{"start":{"line":25,"column":0},"end":{"line":25,"column":1}}},"s":{"9":1,"10":70,"11":70,"18":1,"19":48,"21":46,"22":48,"23":48,"24":48},"branchMap":{"0":{"type":"branch","line":10,"loc":{"start":{"line":10,"column":7},"end":{"line":12,"column":1}},"locations":[{"start":{"line":10,"column":7},"end":{"line":12,"column":1}}]},"1":{"type":"branch","line":19,"loc":{"start":{"line":19,"column":7},"end":{"line":25,"column":1}},"locations":[{"start":{"line":19,"column":7},"end":{"line":25,"column":1}}]},"2":{"type":"branch","line":20,"loc":{"start":{"line":20,"column":27},"end":{"line":20,"column":38}},"locations":[{"start":{"line":20,"column":27},"end":{"line":20,"column":38}}]},"3":{"type":"branch","line":20,"loc":{"start":{"line":20,"column":34},"end":{"line":23,"column":31}},"locations":[{"start":{"line":20,"column":34},"end":{"line":23,"column":31}}]},"4":{"type":"branch","line":23,"loc":{"start":{"line":23,"column":27},"end":{"line":23,"column":37}},"locations":[{"start":{"line":23,"column":27},"end":{"line":23,"column":37}}]},"5":{"type":"branch","line":23,"loc":{"start":{"line":23,"column":31},"end":{"line":23,"column":40}},"locations":[{"start":{"line":23,"column":31},"end":{"line":23,"column":40}}]}},"b":{"0":[70],"1":[48],"2":[2],"3":[46],"4":[24],"5":[22]},"fnMap":{"0":{"name":"calculateAbilityModifier","decl":{"start":{"line":10,"column":7},"end":{"line":12,"column":1}},"loc":{"start":{"line":10,"column":7},"end":{"line":12,"column":1}},"line":10},"1":{"name":"getAbilityScoreDisplay","decl":{"start":{"line":19,"column":7},"end":{"line":25,"column":1}},"loc":{"start":{"line":19,"column":7},"end":{"line":25,"column":1}},"line":19}},"f":{"0":70,"1":48}}
}
